[1.579s] DEBUG:colcon:Command line arguments: ['/usr/bin/colcon', 'build']
[1.579s] DEBUG:colcon:Parsed command line arguments: Namespace(log_base=None, log_level=None, verb_name='build', build_base='build', install_base='install', merge_install=False, symlink_install=False, test_result_base=None, continue_on_error=False, executor='parallel', parallel_workers=8, event_handlers=None, ignore_user_meta=False, metas=['./colcon.meta'], base_paths=['.'], packages_ignore=None, packages_ignore_regex=None, paths=None, packages_up_to=None, packages_up_to_regex=None, packages_above=None, packages_above_and_dependencies=None, packages_above_depth=None, packages_select_by_dep=None, packages_skip_by_dep=None, packages_skip_up_to=None, packages_select_build_failed=False, packages_skip_build_finished=False, packages_select_test_failures=False, packages_skip_test_passed=False, packages_select=None, packages_skip=None, packages_select_regex=None, packages_skip_regex=None, packages_start=None, packages_end=None, allow_overriding=[], cmake_args=None, cmake_target=None, cmake_target_skip_unavailable=False, cmake_clean_cache=False, cmake_clean_first=False, cmake_force_configure=False, ament_cmake_args=None, catkin_cmake_args=None, catkin_skip_building_tests=False, verb_parser=<colcon_defaults.argument_parser.defaults.DefaultArgumentsDecorator object at 0x7f1ddeaac9d0>, verb_extension=<colcon_core.verb.build.BuildVerb object at 0x7f1ddf400d90>, main=<bound method BuildVerb.main of <colcon_core.verb.build.BuildVerb object at 0x7f1ddf400d90>>)
[1.973s] Level 1:colcon.colcon_core.package_discovery:discover_packages(colcon_meta) check parameters
[1.974s] Level 1:colcon.colcon_core.package_discovery:discover_packages(recursive) check parameters
[1.974s] Level 1:colcon.colcon_core.package_discovery:discover_packages(ignore) check parameters
[1.974s] Level 1:colcon.colcon_core.package_discovery:discover_packages(path) check parameters
[1.974s] Level 1:colcon.colcon_core.package_discovery:discover_packages(colcon_meta) discover
[1.974s] Level 1:colcon.colcon_core.package_discovery:discover_packages(recursive) discover
[1.974s] INFO:colcon.colcon_core.package_discovery:Crawling recursively for packages in '/home/omer/Desktop/deneme_ws'
[1.974s] Level 1:colcon.colcon_core.package_identification:_identify(.) by extensions ['ignore', 'ignore_ament_install']
[1.974s] Level 1:colcon.colcon_core.package_identification:_identify(.) by extension 'ignore'
[1.974s] Level 1:colcon.colcon_core.package_identification:_identify(.) by extension 'ignore_ament_install'
[1.974s] Level 1:colcon.colcon_core.package_identification:_identify(.) by extensions ['colcon_pkg']
[1.974s] Level 1:colcon.colcon_core.package_identification:_identify(.) by extension 'colcon_pkg'
[1.974s] Level 1:colcon.colcon_core.package_identification:_identify(.) by extensions ['colcon_meta']
[1.974s] Level 1:colcon.colcon_core.package_identification:_identify(.) by extension 'colcon_meta'
[1.974s] Level 1:colcon.colcon_core.package_identification:_identify(.) by extensions ['ros']
[1.974s] Level 1:colcon.colcon_core.package_identification:_identify(.) by extension 'ros'
[2.020s] Level 1:colcon.colcon_core.package_identification:_identify(.) by extensions ['cmake', 'python']
[2.020s] Level 1:colcon.colcon_core.package_identification:_identify(.) by extension 'cmake'
[2.020s] Level 1:colcon.colcon_core.package_identification:_identify(.) by extension 'python'
[2.020s] Level 1:colcon.colcon_core.package_identification:_identify(.) by extensions ['python_setup_py']
[2.020s] Level 1:colcon.colcon_core.package_identification:_identify(.) by extension 'python_setup_py'
[2.020s] Level 1:colcon.colcon_core.package_identification:_identify(build) by extensions ['ignore', 'ignore_ament_install']
[2.021s] Level 1:colcon.colcon_core.package_identification:_identify(build) by extension 'ignore'
[2.021s] Level 1:colcon.colcon_core.package_identification:_identify(build) ignored
[2.021s] Level 1:colcon.colcon_core.package_identification:_identify(install) by extensions ['ignore', 'ignore_ament_install']
[2.021s] Level 1:colcon.colcon_core.package_identification:_identify(install) by extension 'ignore'
[2.021s] Level 1:colcon.colcon_core.package_identification:_identify(install) ignored
[2.021s] Level 1:colcon.colcon_core.package_identification:_identify(log) by extensions ['ignore', 'ignore_ament_install']
[2.021s] Level 1:colcon.colcon_core.package_identification:_identify(log) by extension 'ignore'
[2.021s] Level 1:colcon.colcon_core.package_identification:_identify(log) ignored
[2.021s] Level 1:colcon.colcon_core.package_identification:_identify(src) by extensions ['ignore', 'ignore_ament_install']
[2.021s] Level 1:colcon.colcon_core.package_identification:_identify(src) by extension 'ignore'
[2.021s] Level 1:colcon.colcon_core.package_identification:_identify(src) by extension 'ignore_ament_install'
[2.022s] Level 1:colcon.colcon_core.package_identification:_identify(src) by extensions ['colcon_pkg']
[2.022s] Level 1:colcon.colcon_core.package_identification:_identify(src) by extension 'colcon_pkg'
[2.022s] Level 1:colcon.colcon_core.package_identification:_identify(src) by extensions ['colcon_meta']
[2.022s] Level 1:colcon.colcon_core.package_identification:_identify(src) by extension 'colcon_meta'
[2.022s] Level 1:colcon.colcon_core.package_identification:_identify(src) by extensions ['ros']
[2.022s] Level 1:colcon.colcon_core.package_identification:_identify(src) by extension 'ros'
[2.022s] Level 1:colcon.colcon_core.package_identification:_identify(src) by extensions ['cmake', 'python']
[2.022s] Level 1:colcon.colcon_core.package_identification:_identify(src) by extension 'cmake'
[2.022s] Level 1:colcon.colcon_core.package_identification:_identify(src) by extension 'python'
[2.022s] Level 1:colcon.colcon_core.package_identification:_identify(src) by extensions ['python_setup_py']
[2.022s] Level 1:colcon.colcon_core.package_identification:_identify(src) by extension 'python_setup_py'
[2.022s] Level 1:colcon.colcon_core.package_identification:_identify(src/sbus) by extensions ['ignore', 'ignore_ament_install']
[2.022s] Level 1:colcon.colcon_core.package_identification:_identify(src/sbus) by extension 'ignore'
[2.022s] Level 1:colcon.colcon_core.package_identification:_identify(src/sbus) by extension 'ignore_ament_install'
[2.022s] Level 1:colcon.colcon_core.package_identification:_identify(src/sbus) by extensions ['colcon_pkg']
[2.022s] Level 1:colcon.colcon_core.package_identification:_identify(src/sbus) by extension 'colcon_pkg'
[2.022s] Level 1:colcon.colcon_core.package_identification:_identify(src/sbus) by extensions ['colcon_meta']
[2.022s] Level 1:colcon.colcon_core.package_identification:_identify(src/sbus) by extension 'colcon_meta'
[2.023s] Level 1:colcon.colcon_core.package_identification:_identify(src/sbus) by extensions ['ros']
[2.023s] Level 1:colcon.colcon_core.package_identification:_identify(src/sbus) by extension 'ros'
[2.025s] DEBUG:colcon.colcon_core.package_identification:Package 'src/sbus' with type 'ros.ament_cmake' and name 'sbus'
[2.026s] Level 1:colcon.colcon_core.package_discovery:discover_packages(recursive) using defaults
[2.026s] Level 1:colcon.colcon_core.package_discovery:discover_packages(ignore) discover
[2.026s] Level 1:colcon.colcon_core.package_discovery:discover_packages(ignore) using defaults
[2.026s] Level 1:colcon.colcon_core.package_discovery:discover_packages(path) discover
[2.026s] Level 1:colcon.colcon_core.package_discovery:discover_packages(path) using defaults
[2.162s] Level 1:colcon.colcon_core.package_discovery:discover_packages(prefix_path) check parameters
[2.162s] Level 1:colcon.colcon_core.package_discovery:discover_packages(prefix_path) discover
[2.166s] DEBUG:colcon.colcon_installed_package_information.package_discovery:Found 1 installed packages in /home/omer/Desktop/deneme_ws/install
[2.167s] DEBUG:colcon.colcon_installed_package_information.package_discovery:Found 4 installed packages in /home/omer/Desktop/dev_ws/install
[2.168s] DEBUG:colcon.colcon_installed_package_information.package_discovery:Found 270 installed packages in /opt/ros/humble
[2.172s] Level 1:colcon.colcon_core.package_discovery:discover_packages(prefix_path) using defaults
[2.231s] Level 5:colcon.colcon_core.verb:set package 'sbus' build argument 'cmake_args' from command line to 'None'
[2.231s] Level 5:colcon.colcon_core.verb:set package 'sbus' build argument 'cmake_target' from command line to 'None'
[2.231s] Level 5:colcon.colcon_core.verb:set package 'sbus' build argument 'cmake_target_skip_unavailable' from command line to 'False'
[2.231s] Level 5:colcon.colcon_core.verb:set package 'sbus' build argument 'cmake_clean_cache' from command line to 'False'
[2.231s] Level 5:colcon.colcon_core.verb:set package 'sbus' build argument 'cmake_clean_first' from command line to 'False'
[2.231s] Level 5:colcon.colcon_core.verb:set package 'sbus' build argument 'cmake_force_configure' from command line to 'False'
[2.231s] Level 5:colcon.colcon_core.verb:set package 'sbus' build argument 'ament_cmake_args' from command line to 'None'
[2.231s] Level 5:colcon.colcon_core.verb:set package 'sbus' build argument 'catkin_cmake_args' from command line to 'None'
[2.231s] Level 5:colcon.colcon_core.verb:set package 'sbus' build argument 'catkin_skip_building_tests' from command line to 'False'
[2.231s] DEBUG:colcon.colcon_core.verb:Building package 'sbus' with the following arguments: {'ament_cmake_args': None, 'build_base': '/home/omer/Desktop/deneme_ws/build/sbus', 'catkin_cmake_args': None, 'catkin_skip_building_tests': False, 'cmake_args': None, 'cmake_clean_cache': False, 'cmake_clean_first': False, 'cmake_force_configure': False, 'cmake_target': None, 'cmake_target_skip_unavailable': False, 'install_base': '/home/omer/Desktop/deneme_ws/install/sbus', 'merge_install': False, 'path': '/home/omer/Desktop/deneme_ws/src/sbus', 'symlink_install': False, 'test_result_base': None}
[2.232s] INFO:colcon.colcon_core.executor:Executing jobs using 'parallel' executor
[2.235s] DEBUG:colcon.colcon_parallel_executor.executor.parallel:run_until_complete
[2.236s] INFO:colcon.colcon_ros.task.ament_cmake.build:Building ROS package in '/home/omer/Desktop/deneme_ws/src/sbus' with build type 'ament_cmake'
[2.236s] INFO:colcon.colcon_cmake.task.cmake.build:Building CMake package in '/home/omer/Desktop/deneme_ws/src/sbus'
[2.240s] INFO:colcon.colcon_core.plugin_system:Skipping extension 'colcon_core.shell.bat': Not used on non-Windows systems
[2.240s] INFO:colcon.colcon_core.shell:Skip shell extension 'powershell' for command environment: Not usable outside of PowerShell
[2.240s] DEBUG:colcon.colcon_core.shell:Skip shell extension 'dsv' for command environment
[2.251s] DEBUG:colcon.colcon_core.event_handler.log_command:Invoking command in '/home/omer/Desktop/deneme_ws/build/sbus': CMAKE_PREFIX_PATH=${CMAKE_PREFIX_PATH}:/opt/ros/humble /usr/bin/cmake --build /home/omer/Desktop/deneme_ws/build/sbus -- -j8 -l8
[13.359s] DEBUG:colcon.colcon_core.event_handler.log_command:Invoked command in '/home/omer/Desktop/deneme_ws/build/sbus' returned '0': CMAKE_PREFIX_PATH=${CMAKE_PREFIX_PATH}:/opt/ros/humble /usr/bin/cmake --build /home/omer/Desktop/deneme_ws/build/sbus -- -j8 -l8
[13.447s] DEBUG:colcon.colcon_core.event_handler.log_command:Invoking command in '/home/omer/Desktop/deneme_ws/build/sbus': CMAKE_PREFIX_PATH=${CMAKE_PREFIX_PATH}:/opt/ros/humble /usr/bin/cmake --install /home/omer/Desktop/deneme_ws/build/sbus
[13.463s] Level 1:colcon.colcon_core.environment:create_environment_scripts_only(sbus)
[13.464s] DEBUG:colcon.colcon_core.event_handler.log_command:Invoked command in '/home/omer/Desktop/deneme_ws/build/sbus' returned '0': CMAKE_PREFIX_PATH=${CMAKE_PREFIX_PATH}:/opt/ros/humble /usr/bin/cmake --install /home/omer/Desktop/deneme_ws/build/sbus
[13.468s] Level 1:colcon.colcon_core.environment:checking '/home/omer/Desktop/deneme_ws/install/sbus' for CMake module files
[13.469s] Level 1:colcon.colcon_core.environment:checking '/home/omer/Desktop/deneme_ws/install/sbus' for CMake config files
[13.469s] Level 1:colcon.colcon_core.shell:create_environment_hook('sbus', 'cmake_prefix_path')
[13.470s] INFO:colcon.colcon_core.shell:Creating environment hook '/home/omer/Desktop/deneme_ws/install/sbus/share/sbus/hook/cmake_prefix_path.ps1'
[13.471s] INFO:colcon.colcon_core.shell:Creating environment descriptor '/home/omer/Desktop/deneme_ws/install/sbus/share/sbus/hook/cmake_prefix_path.dsv'
[13.472s] INFO:colcon.colcon_core.shell:Creating environment hook '/home/omer/Desktop/deneme_ws/install/sbus/share/sbus/hook/cmake_prefix_path.sh'
[13.472s] Level 1:colcon.colcon_core.environment:checking '/home/omer/Desktop/deneme_ws/install/sbus/lib'
[13.473s] Level 1:colcon.colcon_core.environment:checking '/home/omer/Desktop/deneme_ws/install/sbus/bin'
[13.473s] Level 1:colcon.colcon_core.environment:checking '/home/omer/Desktop/deneme_ws/install/sbus/lib/pkgconfig/sbus.pc'
[13.473s] Level 1:colcon.colcon_core.environment:checking '/home/omer/Desktop/deneme_ws/install/sbus/lib/python3.10/site-packages'
[13.473s] Level 1:colcon.colcon_core.environment:checking '/home/omer/Desktop/deneme_ws/install/sbus/bin'
[13.475s] INFO:colcon.colcon_core.shell:Creating package script '/home/omer/Desktop/deneme_ws/install/sbus/share/sbus/package.ps1'
[13.475s] INFO:colcon.colcon_core.shell:Creating package descriptor '/home/omer/Desktop/deneme_ws/install/sbus/share/sbus/package.dsv'
[13.476s] INFO:colcon.colcon_core.shell:Creating package script '/home/omer/Desktop/deneme_ws/install/sbus/share/sbus/package.sh'
[13.477s] INFO:colcon.colcon_core.shell:Creating package script '/home/omer/Desktop/deneme_ws/install/sbus/share/sbus/package.bash'
[13.477s] INFO:colcon.colcon_core.shell:Creating package script '/home/omer/Desktop/deneme_ws/install/sbus/share/sbus/package.zsh'
[13.478s] Level 1:colcon.colcon_core.environment:create_file_with_runtime_dependencies(/home/omer/Desktop/deneme_ws/install/sbus/share/colcon-core/packages/sbus)
[13.498s] Level 1:colcon.colcon_core.environment:create_environment_scripts_only(sbus)
[13.500s] Level 1:colcon.colcon_core.environment:checking '/home/omer/Desktop/deneme_ws/install/sbus' for CMake module files
[13.501s] Level 1:colcon.colcon_core.environment:checking '/home/omer/Desktop/deneme_ws/install/sbus' for CMake config files
[13.501s] Level 1:colcon.colcon_core.shell:create_environment_hook('sbus', 'cmake_prefix_path')
[13.502s] INFO:colcon.colcon_core.shell:Creating environment hook '/home/omer/Desktop/deneme_ws/install/sbus/share/sbus/hook/cmake_prefix_path.ps1'
[13.502s] INFO:colcon.colcon_core.shell:Creating environment descriptor '/home/omer/Desktop/deneme_ws/install/sbus/share/sbus/hook/cmake_prefix_path.dsv'
[13.503s] INFO:colcon.colcon_core.shell:Creating environment hook '/home/omer/Desktop/deneme_ws/install/sbus/share/sbus/hook/cmake_prefix_path.sh'
[13.503s] Level 1:colcon.colcon_core.environment:checking '/home/omer/Desktop/deneme_ws/install/sbus/lib'
[13.503s] Level 1:colcon.colcon_core.environment:checking '/home/omer/Desktop/deneme_ws/install/sbus/bin'
[13.503s] Level 1:colcon.colcon_core.environment:checking '/home/omer/Desktop/deneme_ws/install/sbus/lib/pkgconfig/sbus.pc'
[13.504s] Level 1:colcon.colcon_core.environment:checking '/home/omer/Desktop/deneme_ws/install/sbus/lib/python3.10/site-packages'
[13.504s] Level 1:colcon.colcon_core.environment:checking '/home/omer/Desktop/deneme_ws/install/sbus/bin'
[13.506s] INFO:colcon.colcon_core.shell:Creating package script '/home/omer/Desktop/deneme_ws/install/sbus/share/sbus/package.ps1'
[13.507s] INFO:colcon.colcon_core.shell:Creating package descriptor '/home/omer/Desktop/deneme_ws/install/sbus/share/sbus/package.dsv'
[13.507s] INFO:colcon.colcon_core.shell:Creating package script '/home/omer/Desktop/deneme_ws/install/sbus/share/sbus/package.sh'
[13.507s] INFO:colcon.colcon_core.shell:Creating package script '/home/omer/Desktop/deneme_ws/install/sbus/share/sbus/package.bash'
[13.508s] INFO:colcon.colcon_core.shell:Creating package script '/home/omer/Desktop/deneme_ws/install/sbus/share/sbus/package.zsh'
[13.508s] Level 1:colcon.colcon_core.environment:create_file_with_runtime_dependencies(/home/omer/Desktop/deneme_ws/install/sbus/share/colcon-core/packages/sbus)
[13.509s] DEBUG:colcon.colcon_parallel_executor.executor.parallel:closing loop
[13.509s] DEBUG:colcon.colcon_parallel_executor.executor.parallel:loop closed
[13.509s] DEBUG:colcon.colcon_parallel_executor.executor.parallel:run_until_complete finished with '0'
[13.509s] DEBUG:colcon.colcon_core.event_reactor:joining thread
[13.519s] INFO:colcon.colcon_core.plugin_system:Skipping extension 'colcon_notification.desktop_notification.terminal_notifier': Not used on non-Darwin systems
[13.519s] INFO:colcon.colcon_core.plugin_system:Skipping extension 'colcon_notification.desktop_notification.win32': Not used on non-Windows systems
[13.519s] INFO:colcon.colcon_notification.desktop_notification:Sending desktop notification using 'notify2'
[13.531s] DEBUG:colcon.colcon_core.event_reactor:joined thread
[13.533s] INFO:colcon.colcon_core.shell:Creating prefix script '/home/omer/Desktop/deneme_ws/install/local_setup.ps1'
[13.534s] INFO:colcon.colcon_core.shell:Creating prefix util module '/home/omer/Desktop/deneme_ws/install/_local_setup_util_ps1.py'
[13.537s] INFO:colcon.colcon_core.shell:Creating prefix chain script '/home/omer/Desktop/deneme_ws/install/setup.ps1'
[13.574s] INFO:colcon.colcon_core.shell:Creating prefix script '/home/omer/Desktop/deneme_ws/install/local_setup.sh'
[13.575s] INFO:colcon.colcon_core.shell:Creating prefix util module '/home/omer/Desktop/deneme_ws/install/_local_setup_util_sh.py'
[13.576s] INFO:colcon.colcon_core.shell:Creating prefix chain script '/home/omer/Desktop/deneme_ws/install/setup.sh'
[13.578s] INFO:colcon.colcon_core.shell:Creating prefix script '/home/omer/Desktop/deneme_ws/install/local_setup.bash'
[13.579s] INFO:colcon.colcon_core.shell:Creating prefix chain script '/home/omer/Desktop/deneme_ws/install/setup.bash'
[13.582s] INFO:colcon.colcon_core.shell:Creating prefix script '/home/omer/Desktop/deneme_ws/install/local_setup.zsh'
[13.583s] INFO:colcon.colcon_core.shell:Creating prefix chain script '/home/omer/Desktop/deneme_ws/install/setup.zsh'
