[0.238s] Invoking command in '/home/omer/Desktop/deneme_ws/build/sbus': CMAKE_PREFIX_PATH=/opt/ros/humble /usr/bin/cmake --build /home/omer/Desktop/deneme_ws/build/sbus -- -j8 -l8
[1.478s] [35m[1mConsolidate compiler generated dependencies of target sbus_node[0m
[1.515s] [ 50%] [32mBuilding CXX object CMakeFiles/sbus_node.dir/src/sbus.cpp.o[0m
[16.115s] [100%] [32m[1mLinking CXX executable sbus_node[0m
[17.788s] [100%] Built target sbus_node
[17.806s] Invoked command in '/home/omer/Desktop/deneme_ws/build/sbus' returned '0': CMAKE_PREFIX_PATH=/opt/ros/humble /usr/bin/cmake --build /home/omer/Desktop/deneme_ws/build/sbus -- -j8 -l8
[17.867s] Invoking command in '/home/omer/Desktop/deneme_ws/build/sbus': CMAKE_PREFIX_PATH=/opt/ros/humble /usr/bin/cmake --install /home/omer/Desktop/deneme_ws/build/sbus
[17.943s] -- Install configuration: ""
[17.955s] -- Installing: /home/omer/Desktop/deneme_ws/install/sbus/lib/sbus/sbus_node
[17.964s] -- Set runtime path of "/home/omer/Desktop/deneme_ws/install/sbus/lib/sbus/sbus_node" to ""
[17.965s] -- Up-to-date: /home/omer/Desktop/deneme_ws/install/sbus/share/ament_index/resource_index/package_run_dependencies/sbus
[17.965s] -- Up-to-date: /home/omer/Desktop/deneme_ws/install/sbus/share/ament_index/resource_index/parent_prefix_path/sbus
[17.966s] -- Up-to-date: /home/omer/Desktop/deneme_ws/install/sbus/share/sbus/environment/ament_prefix_path.sh
[17.966s] -- Up-to-date: /home/omer/Desktop/deneme_ws/install/sbus/share/sbus/environment/ament_prefix_path.dsv
[17.966s] -- Up-to-date: /home/omer/Desktop/deneme_ws/install/sbus/share/sbus/environment/path.sh
[17.966s] -- Up-to-date: /home/omer/Desktop/deneme_ws/install/sbus/share/sbus/environment/path.dsv
[17.966s] -- Up-to-date: /home/omer/Desktop/deneme_ws/install/sbus/share/sbus/local_setup.bash
[17.966s] -- Up-to-date: /home/omer/Desktop/deneme_ws/install/sbus/share/sbus/local_setup.sh
[17.967s] -- Up-to-date: /home/omer/Desktop/deneme_ws/install/sbus/share/sbus/local_setup.zsh
[17.967s] -- Up-to-date: /home/omer/Desktop/deneme_ws/install/sbus/share/sbus/local_setup.dsv
[17.967s] -- Installing: /home/omer/Desktop/deneme_ws/install/sbus/share/sbus/package.dsv
[17.967s] -- Up-to-date: /home/omer/Desktop/deneme_ws/install/sbus/share/ament_index/resource_index/packages/sbus
[17.967s] -- Up-to-date: /home/omer/Desktop/deneme_ws/install/sbus/share/sbus/cmake/sbusConfig.cmake
[17.967s] -- Up-to-date: /home/omer/Desktop/deneme_ws/install/sbus/share/sbus/cmake/sbusConfig-version.cmake
[17.968s] -- Up-to-date: /home/omer/Desktop/deneme_ws/install/sbus/share/sbus/package.xml
[17.970s] Invoked command in '/home/omer/Desktop/deneme_ws/build/sbus' returned '0': CMAKE_PREFIX_PATH=/opt/ros/humble /usr/bin/cmake --install /home/omer/Desktop/deneme_ws/build/sbus
