[0.476s] DEBUG:colcon:Command line arguments: ['/usr/bin/colcon', 'build']
[0.476s] DEBUG:colcon:Parsed command line arguments: Namespace(log_base=None, log_level=None, verb_name='build', build_base='build', install_base='install', merge_install=False, symlink_install=False, test_result_base=None, continue_on_error=False, executor='parallel', parallel_workers=8, event_handlers=None, ignore_user_meta=False, metas=['./colcon.meta'], base_paths=['.'], packages_ignore=None, packages_ignore_regex=None, paths=None, packages_up_to=None, packages_up_to_regex=None, packages_above=None, packages_above_and_dependencies=None, packages_above_depth=None, packages_select_by_dep=None, packages_skip_by_dep=None, packages_skip_up_to=None, packages_select_build_failed=False, packages_skip_build_finished=False, packages_select_test_failures=False, packages_skip_test_passed=False, packages_select=None, packages_skip=None, packages_select_regex=None, packages_skip_regex=None, packages_start=None, packages_end=None, allow_overriding=[], cmake_args=None, cmake_target=None, cmake_target_skip_unavailable=False, cmake_clean_cache=False, cmake_clean_first=False, cmake_force_configure=False, ament_cmake_args=None, catkin_cmake_args=None, catkin_skip_building_tests=False, verb_parser=<colcon_defaults.argument_parser.defaults.DefaultArgumentsDecorator object at 0x7f236f6a4c40>, verb_extension=<colcon_core.verb.build.BuildVerb object at 0x7f2370037550>, main=<bound method BuildVerb.main of <colcon_core.verb.build.BuildVerb object at 0x7f2370037550>>)
[0.580s] Level 1:colcon.colcon_core.package_discovery:discover_packages(colcon_meta) check parameters
[0.581s] Level 1:colcon.colcon_core.package_discovery:discover_packages(recursive) check parameters
[0.581s] Level 1:colcon.colcon_core.package_discovery:discover_packages(ignore) check parameters
[0.581s] Level 1:colcon.colcon_core.package_discovery:discover_packages(path) check parameters
[0.581s] Level 1:colcon.colcon_core.package_discovery:discover_packages(colcon_meta) discover
[0.581s] Level 1:colcon.colcon_core.package_discovery:discover_packages(recursive) discover
[0.581s] INFO:colcon.colcon_core.package_discovery:Crawling recursively for packages in '/home/omer/Desktop/deneme_ws'
[0.581s] Level 1:colcon.colcon_core.package_identification:_identify(.) by extensions ['ignore', 'ignore_ament_install']
[0.582s] Level 1:colcon.colcon_core.package_identification:_identify(.) by extension 'ignore'
[0.582s] Level 1:colcon.colcon_core.package_identification:_identify(.) by extension 'ignore_ament_install'
[0.582s] Level 1:colcon.colcon_core.package_identification:_identify(.) by extensions ['colcon_pkg']
[0.582s] Level 1:colcon.colcon_core.package_identification:_identify(.) by extension 'colcon_pkg'
[0.582s] Level 1:colcon.colcon_core.package_identification:_identify(.) by extensions ['colcon_meta']
[0.582s] Level 1:colcon.colcon_core.package_identification:_identify(.) by extension 'colcon_meta'
[0.583s] Level 1:colcon.colcon_core.package_identification:_identify(.) by extensions ['ros']
[0.583s] Level 1:colcon.colcon_core.package_identification:_identify(.) by extension 'ros'
[0.638s] Level 1:colcon.colcon_core.package_identification:_identify(.) by extensions ['cmake', 'python']
[0.638s] Level 1:colcon.colcon_core.package_identification:_identify(.) by extension 'cmake'
[0.638s] Level 1:colcon.colcon_core.package_identification:_identify(.) by extension 'python'
[0.638s] Level 1:colcon.colcon_core.package_identification:_identify(.) by extensions ['python_setup_py']
[0.638s] Level 1:colcon.colcon_core.package_identification:_identify(.) by extension 'python_setup_py'
[0.638s] Level 1:colcon.colcon_core.package_identification:_identify(build) by extensions ['ignore', 'ignore_ament_install']
[0.638s] Level 1:colcon.colcon_core.package_identification:_identify(build) by extension 'ignore'
[0.638s] Level 1:colcon.colcon_core.package_identification:_identify(build) ignored
[0.638s] Level 1:colcon.colcon_core.package_identification:_identify(install) by extensions ['ignore', 'ignore_ament_install']
[0.639s] Level 1:colcon.colcon_core.package_identification:_identify(install) by extension 'ignore'
[0.639s] Level 1:colcon.colcon_core.package_identification:_identify(install) ignored
[0.639s] Level 1:colcon.colcon_core.package_identification:_identify(log) by extensions ['ignore', 'ignore_ament_install']
[0.639s] Level 1:colcon.colcon_core.package_identification:_identify(log) by extension 'ignore'
[0.639s] Level 1:colcon.colcon_core.package_identification:_identify(log) ignored
[0.639s] Level 1:colcon.colcon_core.package_identification:_identify(src) by extensions ['ignore', 'ignore_ament_install']
[0.639s] Level 1:colcon.colcon_core.package_identification:_identify(src) by extension 'ignore'
[0.639s] Level 1:colcon.colcon_core.package_identification:_identify(src) by extension 'ignore_ament_install'
[0.639s] Level 1:colcon.colcon_core.package_identification:_identify(src) by extensions ['colcon_pkg']
[0.639s] Level 1:colcon.colcon_core.package_identification:_identify(src) by extension 'colcon_pkg'
[0.639s] Level 1:colcon.colcon_core.package_identification:_identify(src) by extensions ['colcon_meta']
[0.639s] Level 1:colcon.colcon_core.package_identification:_identify(src) by extension 'colcon_meta'
[0.640s] Level 1:colcon.colcon_core.package_identification:_identify(src) by extensions ['ros']
[0.640s] Level 1:colcon.colcon_core.package_identification:_identify(src) by extension 'ros'
[0.640s] Level 1:colcon.colcon_core.package_identification:_identify(src) by extensions ['cmake', 'python']
[0.640s] Level 1:colcon.colcon_core.package_identification:_identify(src) by extension 'cmake'
[0.640s] Level 1:colcon.colcon_core.package_identification:_identify(src) by extension 'python'
[0.640s] Level 1:colcon.colcon_core.package_identification:_identify(src) by extensions ['python_setup_py']
[0.640s] Level 1:colcon.colcon_core.package_identification:_identify(src) by extension 'python_setup_py'
[0.640s] Level 1:colcon.colcon_core.package_identification:_identify(src/sbus) by extensions ['ignore', 'ignore_ament_install']
[0.640s] Level 1:colcon.colcon_core.package_identification:_identify(src/sbus) by extension 'ignore'
[0.640s] Level 1:colcon.colcon_core.package_identification:_identify(src/sbus) by extension 'ignore_ament_install'
[0.640s] Level 1:colcon.colcon_core.package_identification:_identify(src/sbus) by extensions ['colcon_pkg']
[0.640s] Level 1:colcon.colcon_core.package_identification:_identify(src/sbus) by extension 'colcon_pkg'
[0.640s] Level 1:colcon.colcon_core.package_identification:_identify(src/sbus) by extensions ['colcon_meta']
[0.640s] Level 1:colcon.colcon_core.package_identification:_identify(src/sbus) by extension 'colcon_meta'
[0.640s] Level 1:colcon.colcon_core.package_identification:_identify(src/sbus) by extensions ['ros']
[0.640s] Level 1:colcon.colcon_core.package_identification:_identify(src/sbus) by extension 'ros'
[0.643s] DEBUG:colcon.colcon_core.package_identification:Package 'src/sbus' with type 'ros.ament_cmake' and name 'sbus'
[0.643s] Level 1:colcon.colcon_core.package_discovery:discover_packages(recursive) using defaults
[0.643s] Level 1:colcon.colcon_core.package_discovery:discover_packages(ignore) discover
[0.643s] Level 1:colcon.colcon_core.package_discovery:discover_packages(ignore) using defaults
[0.644s] Level 1:colcon.colcon_core.package_discovery:discover_packages(path) discover
[0.644s] Level 1:colcon.colcon_core.package_discovery:discover_packages(path) using defaults
[0.776s] Level 1:colcon.colcon_core.package_discovery:discover_packages(prefix_path) check parameters
[0.776s] Level 1:colcon.colcon_core.package_discovery:discover_packages(prefix_path) discover
[0.780s] DEBUG:colcon.colcon_installed_package_information.package_discovery:Found 270 installed packages in /opt/ros/humble
[0.782s] Level 1:colcon.colcon_core.package_discovery:discover_packages(prefix_path) using defaults
[0.833s] Level 5:colcon.colcon_core.verb:set package 'sbus' build argument 'cmake_args' from command line to 'None'
[0.833s] Level 5:colcon.colcon_core.verb:set package 'sbus' build argument 'cmake_target' from command line to 'None'
[0.833s] Level 5:colcon.colcon_core.verb:set package 'sbus' build argument 'cmake_target_skip_unavailable' from command line to 'False'
[0.833s] Level 5:colcon.colcon_core.verb:set package 'sbus' build argument 'cmake_clean_cache' from command line to 'False'
[0.833s] Level 5:colcon.colcon_core.verb:set package 'sbus' build argument 'cmake_clean_first' from command line to 'False'
[0.833s] Level 5:colcon.colcon_core.verb:set package 'sbus' build argument 'cmake_force_configure' from command line to 'False'
[0.833s] Level 5:colcon.colcon_core.verb:set package 'sbus' build argument 'ament_cmake_args' from command line to 'None'
[0.833s] Level 5:colcon.colcon_core.verb:set package 'sbus' build argument 'catkin_cmake_args' from command line to 'None'
[0.833s] Level 5:colcon.colcon_core.verb:set package 'sbus' build argument 'catkin_skip_building_tests' from command line to 'False'
[0.833s] DEBUG:colcon.colcon_core.verb:Building package 'sbus' with the following arguments: {'ament_cmake_args': None, 'build_base': '/home/omer/Desktop/deneme_ws/build/sbus', 'catkin_cmake_args': None, 'catkin_skip_building_tests': False, 'cmake_args': None, 'cmake_clean_cache': False, 'cmake_clean_first': False, 'cmake_force_configure': False, 'cmake_target': None, 'cmake_target_skip_unavailable': False, 'install_base': '/home/omer/Desktop/deneme_ws/install/sbus', 'merge_install': False, 'path': '/home/omer/Desktop/deneme_ws/src/sbus', 'symlink_install': False, 'test_result_base': None}
[0.834s] INFO:colcon.colcon_core.executor:Executing jobs using 'parallel' executor
[0.837s] DEBUG:colcon.colcon_parallel_executor.executor.parallel:run_until_complete
[0.837s] INFO:colcon.colcon_ros.task.ament_cmake.build:Building ROS package in '/home/omer/Desktop/deneme_ws/src/sbus' with build type 'ament_cmake'
[0.837s] INFO:colcon.colcon_cmake.task.cmake.build:Building CMake package in '/home/omer/Desktop/deneme_ws/src/sbus'
[0.841s] INFO:colcon.colcon_core.plugin_system:Skipping extension 'colcon_core.shell.bat': Not used on non-Windows systems
[0.841s] INFO:colcon.colcon_core.shell:Skip shell extension 'powershell' for command environment: Not usable outside of PowerShell
[0.841s] DEBUG:colcon.colcon_core.shell:Skip shell extension 'dsv' for command environment
[0.886s] DEBUG:colcon.colcon_core.event_handler.log_command:Invoking command in '/home/omer/Desktop/deneme_ws/build/sbus': CMAKE_PREFIX_PATH=/opt/ros/humble /usr/bin/cmake --build /home/omer/Desktop/deneme_ws/build/sbus -- -j8 -l8
[9.341s] DEBUG:colcon.colcon_core.event_handler.log_command:Invoked command in '/home/omer/Desktop/deneme_ws/build/sbus' returned '0': CMAKE_PREFIX_PATH=/opt/ros/humble /usr/bin/cmake --build /home/omer/Desktop/deneme_ws/build/sbus -- -j8 -l8
[9.364s] DEBUG:colcon.colcon_core.event_handler.log_command:Invoking command in '/home/omer/Desktop/deneme_ws/build/sbus': CMAKE_PREFIX_PATH=/opt/ros/humble /usr/bin/cmake --install /home/omer/Desktop/deneme_ws/build/sbus
[9.374s] Level 1:colcon.colcon_core.environment:create_environment_scripts_only(sbus)
[9.375s] DEBUG:colcon.colcon_core.event_handler.log_command:Invoked command in '/home/omer/Desktop/deneme_ws/build/sbus' returned '0': CMAKE_PREFIX_PATH=/opt/ros/humble /usr/bin/cmake --install /home/omer/Desktop/deneme_ws/build/sbus
[9.380s] Level 1:colcon.colcon_core.environment:checking '/home/omer/Desktop/deneme_ws/install/sbus' for CMake module files
[9.380s] Level 1:colcon.colcon_core.environment:checking '/home/omer/Desktop/deneme_ws/install/sbus' for CMake config files
[9.380s] Level 1:colcon.colcon_core.shell:create_environment_hook('sbus', 'cmake_prefix_path')
[9.381s] INFO:colcon.colcon_core.shell:Creating environment hook '/home/omer/Desktop/deneme_ws/install/sbus/share/sbus/hook/cmake_prefix_path.ps1'
[9.382s] INFO:colcon.colcon_core.shell:Creating environment descriptor '/home/omer/Desktop/deneme_ws/install/sbus/share/sbus/hook/cmake_prefix_path.dsv'
[9.382s] INFO:colcon.colcon_core.shell:Creating environment hook '/home/omer/Desktop/deneme_ws/install/sbus/share/sbus/hook/cmake_prefix_path.sh'
[9.383s] Level 1:colcon.colcon_core.environment:checking '/home/omer/Desktop/deneme_ws/install/sbus/lib'
[9.383s] Level 1:colcon.colcon_core.environment:checking '/home/omer/Desktop/deneme_ws/install/sbus/bin'
[9.383s] Level 1:colcon.colcon_core.environment:checking '/home/omer/Desktop/deneme_ws/install/sbus/lib/pkgconfig/sbus.pc'
[9.384s] Level 1:colcon.colcon_core.environment:checking '/home/omer/Desktop/deneme_ws/install/sbus/lib/python3.10/site-packages'
[9.384s] Level 1:colcon.colcon_core.environment:checking '/home/omer/Desktop/deneme_ws/install/sbus/bin'
[9.385s] INFO:colcon.colcon_core.shell:Creating package script '/home/omer/Desktop/deneme_ws/install/sbus/share/sbus/package.ps1'
[9.385s] INFO:colcon.colcon_core.shell:Creating package descriptor '/home/omer/Desktop/deneme_ws/install/sbus/share/sbus/package.dsv'
[9.386s] INFO:colcon.colcon_core.shell:Creating package script '/home/omer/Desktop/deneme_ws/install/sbus/share/sbus/package.sh'
[9.386s] INFO:colcon.colcon_core.shell:Creating package script '/home/omer/Desktop/deneme_ws/install/sbus/share/sbus/package.bash'
[9.387s] INFO:colcon.colcon_core.shell:Creating package script '/home/omer/Desktop/deneme_ws/install/sbus/share/sbus/package.zsh'
[9.387s] Level 1:colcon.colcon_core.environment:create_file_with_runtime_dependencies(/home/omer/Desktop/deneme_ws/install/sbus/share/colcon-core/packages/sbus)
[9.406s] Level 1:colcon.colcon_core.environment:create_environment_scripts_only(sbus)
[9.408s] Level 1:colcon.colcon_core.environment:checking '/home/omer/Desktop/deneme_ws/install/sbus' for CMake module files
[9.408s] Level 1:colcon.colcon_core.environment:checking '/home/omer/Desktop/deneme_ws/install/sbus' for CMake config files
[9.408s] Level 1:colcon.colcon_core.shell:create_environment_hook('sbus', 'cmake_prefix_path')
[9.410s] INFO:colcon.colcon_core.shell:Creating environment hook '/home/omer/Desktop/deneme_ws/install/sbus/share/sbus/hook/cmake_prefix_path.ps1'
[9.502s] INFO:colcon.colcon_core.shell:Creating environment descriptor '/home/omer/Desktop/deneme_ws/install/sbus/share/sbus/hook/cmake_prefix_path.dsv'
[9.503s] INFO:colcon.colcon_core.shell:Creating environment hook '/home/omer/Desktop/deneme_ws/install/sbus/share/sbus/hook/cmake_prefix_path.sh'
[9.505s] Level 1:colcon.colcon_core.environment:checking '/home/omer/Desktop/deneme_ws/install/sbus/lib'
[9.506s] Level 1:colcon.colcon_core.environment:checking '/home/omer/Desktop/deneme_ws/install/sbus/bin'
[9.506s] Level 1:colcon.colcon_core.environment:checking '/home/omer/Desktop/deneme_ws/install/sbus/lib/pkgconfig/sbus.pc'
[9.507s] Level 1:colcon.colcon_core.environment:checking '/home/omer/Desktop/deneme_ws/install/sbus/lib/python3.10/site-packages'
[9.508s] Level 1:colcon.colcon_core.environment:checking '/home/omer/Desktop/deneme_ws/install/sbus/bin'
[9.514s] INFO:colcon.colcon_core.shell:Creating package script '/home/omer/Desktop/deneme_ws/install/sbus/share/sbus/package.ps1'
[9.515s] INFO:colcon.colcon_core.shell:Creating package descriptor '/home/omer/Desktop/deneme_ws/install/sbus/share/sbus/package.dsv'
[9.517s] INFO:colcon.colcon_core.shell:Creating package script '/home/omer/Desktop/deneme_ws/install/sbus/share/sbus/package.sh'
[9.518s] INFO:colcon.colcon_core.shell:Creating package script '/home/omer/Desktop/deneme_ws/install/sbus/share/sbus/package.bash'
[9.520s] INFO:colcon.colcon_core.shell:Creating package script '/home/omer/Desktop/deneme_ws/install/sbus/share/sbus/package.zsh'
[9.521s] Level 1:colcon.colcon_core.environment:create_file_with_runtime_dependencies(/home/omer/Desktop/deneme_ws/install/sbus/share/colcon-core/packages/sbus)
[9.522s] DEBUG:colcon.colcon_parallel_executor.executor.parallel:closing loop
[9.522s] DEBUG:colcon.colcon_parallel_executor.executor.parallel:loop closed
[9.523s] DEBUG:colcon.colcon_parallel_executor.executor.parallel:run_until_complete finished with '0'
[9.523s] DEBUG:colcon.colcon_core.event_reactor:joining thread
[9.543s] INFO:colcon.colcon_core.plugin_system:Skipping extension 'colcon_notification.desktop_notification.terminal_notifier': Not used on non-Darwin systems
[9.543s] INFO:colcon.colcon_core.plugin_system:Skipping extension 'colcon_notification.desktop_notification.win32': Not used on non-Windows systems
[9.543s] INFO:colcon.colcon_notification.desktop_notification:Sending desktop notification using 'notify2'
[9.573s] DEBUG:colcon.colcon_core.event_reactor:joined thread
[9.575s] INFO:colcon.colcon_core.shell:Creating prefix script '/home/omer/Desktop/deneme_ws/install/local_setup.ps1'
[9.577s] INFO:colcon.colcon_core.shell:Creating prefix util module '/home/omer/Desktop/deneme_ws/install/_local_setup_util_ps1.py'
[9.578s] INFO:colcon.colcon_core.shell:Creating prefix chain script '/home/omer/Desktop/deneme_ws/install/setup.ps1'
[9.580s] INFO:colcon.colcon_core.shell:Creating prefix script '/home/omer/Desktop/deneme_ws/install/local_setup.sh'
[9.581s] INFO:colcon.colcon_core.shell:Creating prefix util module '/home/omer/Desktop/deneme_ws/install/_local_setup_util_sh.py'
[9.582s] INFO:colcon.colcon_core.shell:Creating prefix chain script '/home/omer/Desktop/deneme_ws/install/setup.sh'
[9.583s] INFO:colcon.colcon_core.shell:Creating prefix script '/home/omer/Desktop/deneme_ws/install/local_setup.bash'
[9.584s] INFO:colcon.colcon_core.shell:Creating prefix chain script '/home/omer/Desktop/deneme_ws/install/setup.bash'
[9.586s] INFO:colcon.colcon_core.shell:Creating prefix script '/home/omer/Desktop/deneme_ws/install/local_setup.zsh'
[9.587s] INFO:colcon.colcon_core.shell:Creating prefix chain script '/home/omer/Desktop/deneme_ws/install/setup.zsh'
