[0.194s] Invoking command in '/home/omer/Desktop/deneme_ws/build/sbus': CMAKE_PREFIX_PATH=/opt/ros/humble /usr/bin/cmake --build /home/omer/Desktop/deneme_ws/build/sbus -- -j8 -l8
[1.228s] -- Found ament_cmake: 1.3.2 (/opt/ros/humble/share/ament_cmake/cmake)
[2.085s] -- Found rclcpp: 16.0.1 (/opt/ros/humble/share/rclcpp/cmake)
[2.661s] -- Found rosidl_generator_c: 3.1.3 (/opt/ros/humble/share/rosidl_generator_c/cmake)
[2.701s] -- Found rosidl_adapter: 3.1.3 (/opt/ros/humble/share/rosidl_adapter/cmake)
[2.758s] -- Found rosidl_generator_cpp: 3.1.3 (/opt/ros/humble/share/rosidl_generator_cpp/cmake)
[2.795s] -- Using all available rosidl_typesupport_c: rosidl_typesupport_fastrtps_c;rosidl_typesupport_introspection_c
[2.865s] -- Using all available rosidl_typesupport_cpp: rosidl_typesupport_fastrtps_cpp;rosidl_typesupport_introspection_cpp
[2.990s] -- Found rmw_implementation_cmake: 6.1.0 (/opt/ros/humble/share/rmw_implementation_cmake/cmake)
[3.015s] -- Found rmw_fastrtps_cpp: 6.2.1 (/opt/ros/humble/share/rmw_fastrtps_cpp/cmake)
[3.433s] -- Using RMW implementation 'rmw_fastrtps_cpp' as default
[3.628s] -- Found sensor_msgs: 4.2.2 (/opt/ros/humble/share/sensor_msgs/cmake)
[4.267s] -- Configuring done
[4.623s] -- Generating done
[4.626s] -- Build files have been written to: /home/omer/Desktop/deneme_ws/build/sbus
[4.908s] [ 50%] [32mBuilding CXX object CMakeFiles/sbus_node.dir/src/deneme.cpp.o[0m
[15.158s] [100%] [32m[1mLinking CXX executable sbus_node[0m
[16.885s] /usr/bin/ld: CMakeFiles/sbus_node.dir/src/deneme.cpp.o: in function `main':
[16.885s] deneme.cpp:(.text+0xa0): undefined reference to `SBUS::SBusSerialPort::connectSerialPort()'
[16.886s] /usr/bin/ld: CMakeFiles/sbus_node.dir/src/deneme.cpp.o: in function `sbus_node::callBack(std::shared_ptr<sensor_msgs::msg::Joy_<std::allocator<void> > >)':
[16.886s] deneme.cpp:(.text._ZN9sbus_node8callBackESt10shared_ptrIN11sensor_msgs3msg4Joy_ISaIvEEEE[_ZN9sbus_node8callBackESt10shared_ptrIN11sensor_msgs3msg4Joy_ISaIvEEEE]+0x2aa): undefined reference to `SBUS::SBusSerialPort::transmitSerialSBusMessage() const'
[16.930s] collect2: error: ld returned 1 exit status
[16.931s] gmake[2]: *** [CMakeFiles/sbus_node.dir/build.make:175: sbus_node] Error 1
[16.931s] gmake[1]: *** [CMakeFiles/Makefile2:137: CMakeFiles/sbus_node.dir/all] Error 2
[16.932s] gmake: *** [Makefile:146: all] Error 2
[16.934s] Invoked command in '/home/omer/Desktop/deneme_ws/build/sbus' returned '2': CMAKE_PREFIX_PATH=/opt/ros/humble /usr/bin/cmake --build /home/omer/Desktop/deneme_ws/build/sbus -- -j8 -l8
