[0.112s] Invoking command in '/home/omer/Desktop/deneme_ws/build/sbus': CMAKE_PREFIX_PATH=${CMAKE_PREFIX_PATH}:/opt/ros/humble /usr/bin/cmake --build /home/omer/Desktop/deneme_ws/build/sbus -- -j8 -l8
[0.366s] -- Found ament_cmake: 1.3.2 (/opt/ros/humble/share/ament_cmake/cmake)
[1.006s] -- Found rclcpp: 16.0.1 (/opt/ros/humble/share/rclcpp/cmake)
[1.280s] -- Found rosidl_generator_c: 3.1.3 (/opt/ros/humble/share/rosidl_generator_c/cmake)
[1.297s] -- Found rosidl_adapter: 3.1.3 (/opt/ros/humble/share/rosidl_adapter/cmake)
[1.328s] -- Found rosidl_generator_cpp: 3.1.3 (/opt/ros/humble/share/rosidl_generator_cpp/cmake)
[1.425s] -- Using all available rosidl_typesupport_c: rosidl_typesupport_fastrtps_c;rosidl_typesupport_introspection_c
[1.488s] -- Using all available rosidl_typesupport_cpp: rosidl_typesupport_fastrtps_cpp;rosidl_typesupport_introspection_cpp
[1.717s] -- Found rmw_implementation_cmake: 6.1.0 (/opt/ros/humble/share/rmw_implementation_cmake/cmake)
[1.756s] -- Found rmw_fastrtps_cpp: 6.2.1 (/opt/ros/humble/share/rmw_fastrtps_cpp/cmake)
[2.098s] -- Using RMW implementation 'rmw_fastrtps_cpp' as default
[2.314s] -- Found sensor_msgs: 4.2.2 (/opt/ros/humble/share/sensor_msgs/cmake)
[2.555s] -- Configuring done
[2.709s] -- Generating done
[2.714s] -- Build files have been written to: /home/omer/Desktop/deneme_ws/build/sbus
[2.778s] [35m[1mConsolidate compiler generated dependencies of target sbus_node[0m
[2.799s] [ 50%] [32mBuilding CXX object CMakeFiles/sbus_node.dir/src/sbus.cpp.o[0m
[12.736s] [100%] [32m[1mLinking CXX executable sbus_node[0m
[13.218s] [100%] Built target sbus_node
[13.260s] Invoked command in '/home/omer/Desktop/deneme_ws/build/sbus' returned '0': CMAKE_PREFIX_PATH=${CMAKE_PREFIX_PATH}:/opt/ros/humble /usr/bin/cmake --build /home/omer/Desktop/deneme_ws/build/sbus -- -j8 -l8
[13.334s] Invoking command in '/home/omer/Desktop/deneme_ws/build/sbus': CMAKE_PREFIX_PATH=${CMAKE_PREFIX_PATH}:/opt/ros/humble /usr/bin/cmake --install /home/omer/Desktop/deneme_ws/build/sbus
[13.348s] -- Install configuration: ""
[13.349s] -- Installing: /home/omer/Desktop/deneme_ws/install/sbus/lib/sbus/sbus_node
[13.359s] -- Set runtime path of "/home/omer/Desktop/deneme_ws/install/sbus/lib/sbus/sbus_node" to ""
[13.359s] -- Up-to-date: /home/omer/Desktop/deneme_ws/install/sbus/share/ament_index/resource_index/package_run_dependencies/sbus
[13.359s] -- Installing: /home/omer/Desktop/deneme_ws/install/sbus/share/ament_index/resource_index/parent_prefix_path/sbus
[13.360s] -- Installing: /home/omer/Desktop/deneme_ws/install/sbus/share/sbus/environment/ament_prefix_path.sh
[13.360s] -- Installing: /home/omer/Desktop/deneme_ws/install/sbus/share/sbus/environment/ament_prefix_path.dsv
[13.360s] -- Installing: /home/omer/Desktop/deneme_ws/install/sbus/share/sbus/environment/path.sh
[13.360s] -- Installing: /home/omer/Desktop/deneme_ws/install/sbus/share/sbus/environment/path.dsv
[13.360s] -- Up-to-date: /home/omer/Desktop/deneme_ws/install/sbus/share/sbus/local_setup.bash
[13.361s] -- Up-to-date: /home/omer/Desktop/deneme_ws/install/sbus/share/sbus/local_setup.sh
[13.361s] -- Up-to-date: /home/omer/Desktop/deneme_ws/install/sbus/share/sbus/local_setup.zsh
[13.361s] -- Installing: /home/omer/Desktop/deneme_ws/install/sbus/share/sbus/local_setup.dsv
[13.361s] -- Installing: /home/omer/Desktop/deneme_ws/install/sbus/share/sbus/package.dsv
[13.361s] -- Up-to-date: /home/omer/Desktop/deneme_ws/install/sbus/share/ament_index/resource_index/packages/sbus
[13.361s] -- Up-to-date: /home/omer/Desktop/deneme_ws/install/sbus/share/sbus/cmake/sbusConfig.cmake
[13.362s] -- Up-to-date: /home/omer/Desktop/deneme_ws/install/sbus/share/sbus/cmake/sbusConfig-version.cmake
[13.362s] -- Up-to-date: /home/omer/Desktop/deneme_ws/install/sbus/share/sbus/package.xml
[13.382s] Invoked command in '/home/omer/Desktop/deneme_ws/build/sbus' returned '0': CMAKE_PREFIX_PATH=${CMAKE_PREFIX_PATH}:/opt/ros/humble /usr/bin/cmake --install /home/omer/Desktop/deneme_ws/build/sbus
