[0.277s] DEBUG:colcon:Command line arguments: ['/usr/bin/colcon', 'build']
[0.277s] DEBUG:colcon:Parsed command line arguments: Namespace(log_base=None, log_level=None, verb_name='build', build_base='build', install_base='install', merge_install=False, symlink_install=False, test_result_base=None, continue_on_error=False, executor='parallel', parallel_workers=8, event_handlers=None, ignore_user_meta=False, metas=['./colcon.meta'], base_paths=['.'], packages_ignore=None, packages_ignore_regex=None, paths=None, packages_up_to=None, packages_up_to_regex=None, packages_above=None, packages_above_and_dependencies=None, packages_above_depth=None, packages_select_by_dep=None, packages_skip_by_dep=None, packages_skip_up_to=None, packages_select_build_failed=False, packages_skip_build_finished=False, packages_select_test_failures=False, packages_skip_test_passed=False, packages_select=None, packages_skip=None, packages_select_regex=None, packages_skip_regex=None, packages_start=None, packages_end=None, allow_overriding=[], cmake_args=None, cmake_target=None, cmake_target_skip_unavailable=False, cmake_clean_cache=False, cmake_clean_first=False, cmake_force_configure=False, ament_cmake_args=None, catkin_cmake_args=None, catkin_skip_building_tests=False, verb_parser=<colcon_defaults.argument_parser.defaults.DefaultArgumentsDecorator object at 0x7fe44bee8c70>, verb_extension=<colcon_core.verb.build.BuildVerb object at 0x7fe44c87b610>, main=<bound method BuildVerb.main of <colcon_core.verb.build.BuildVerb object at 0x7fe44c87b610>>)
[0.298s] Level 1:colcon.colcon_core.package_discovery:discover_packages(colcon_meta) check parameters
[0.298s] Level 1:colcon.colcon_core.package_discovery:discover_packages(recursive) check parameters
[0.298s] Level 1:colcon.colcon_core.package_discovery:discover_packages(ignore) check parameters
[0.298s] Level 1:colcon.colcon_core.package_discovery:discover_packages(path) check parameters
[0.298s] Level 1:colcon.colcon_core.package_discovery:discover_packages(colcon_meta) discover
[0.298s] Level 1:colcon.colcon_core.package_discovery:discover_packages(recursive) discover
[0.298s] INFO:colcon.colcon_core.package_discovery:Crawling recursively for packages in '/home/omer/Desktop/deneme_ws'
[0.298s] Level 1:colcon.colcon_core.package_identification:_identify(.) by extensions ['ignore', 'ignore_ament_install']
[0.298s] Level 1:colcon.colcon_core.package_identification:_identify(.) by extension 'ignore'
[0.298s] Level 1:colcon.colcon_core.package_identification:_identify(.) by extension 'ignore_ament_install'
[0.298s] Level 1:colcon.colcon_core.package_identification:_identify(.) by extensions ['colcon_pkg']
[0.298s] Level 1:colcon.colcon_core.package_identification:_identify(.) by extension 'colcon_pkg'
[0.299s] Level 1:colcon.colcon_core.package_identification:_identify(.) by extensions ['colcon_meta']
[0.299s] Level 1:colcon.colcon_core.package_identification:_identify(.) by extension 'colcon_meta'
[0.299s] Level 1:colcon.colcon_core.package_identification:_identify(.) by extensions ['ros']
[0.299s] Level 1:colcon.colcon_core.package_identification:_identify(.) by extension 'ros'
[0.320s] Level 1:colcon.colcon_core.package_identification:_identify(.) by extensions ['cmake', 'python']
[0.320s] Level 1:colcon.colcon_core.package_identification:_identify(.) by extension 'cmake'
[0.320s] Level 1:colcon.colcon_core.package_identification:_identify(.) by extension 'python'
[0.320s] Level 1:colcon.colcon_core.package_identification:_identify(.) by extensions ['python_setup_py']
[0.320s] Level 1:colcon.colcon_core.package_identification:_identify(.) by extension 'python_setup_py'
[0.320s] Level 1:colcon.colcon_core.package_identification:_identify(build) by extensions ['ignore', 'ignore_ament_install']
[0.321s] Level 1:colcon.colcon_core.package_identification:_identify(build) by extension 'ignore'
[0.321s] Level 1:colcon.colcon_core.package_identification:_identify(build) ignored
[0.321s] Level 1:colcon.colcon_core.package_identification:_identify(install) by extensions ['ignore', 'ignore_ament_install']
[0.321s] Level 1:colcon.colcon_core.package_identification:_identify(install) by extension 'ignore'
[0.321s] Level 1:colcon.colcon_core.package_identification:_identify(install) ignored
[0.321s] Level 1:colcon.colcon_core.package_identification:_identify(log) by extensions ['ignore', 'ignore_ament_install']
[0.321s] Level 1:colcon.colcon_core.package_identification:_identify(log) by extension 'ignore'
[0.321s] Level 1:colcon.colcon_core.package_identification:_identify(log) ignored
[0.321s] Level 1:colcon.colcon_core.package_identification:_identify(src) by extensions ['ignore', 'ignore_ament_install']
[0.321s] Level 1:colcon.colcon_core.package_identification:_identify(src) by extension 'ignore'
[0.321s] Level 1:colcon.colcon_core.package_identification:_identify(src) by extension 'ignore_ament_install'
[0.321s] Level 1:colcon.colcon_core.package_identification:_identify(src) by extensions ['colcon_pkg']
[0.321s] Level 1:colcon.colcon_core.package_identification:_identify(src) by extension 'colcon_pkg'
[0.322s] Level 1:colcon.colcon_core.package_identification:_identify(src) by extensions ['colcon_meta']
[0.322s] Level 1:colcon.colcon_core.package_identification:_identify(src) by extension 'colcon_meta'
[0.322s] Level 1:colcon.colcon_core.package_identification:_identify(src) by extensions ['ros']
[0.322s] Level 1:colcon.colcon_core.package_identification:_identify(src) by extension 'ros'
[0.322s] Level 1:colcon.colcon_core.package_identification:_identify(src) by extensions ['cmake', 'python']
[0.322s] Level 1:colcon.colcon_core.package_identification:_identify(src) by extension 'cmake'
[0.322s] Level 1:colcon.colcon_core.package_identification:_identify(src) by extension 'python'
[0.322s] Level 1:colcon.colcon_core.package_identification:_identify(src) by extensions ['python_setup_py']
[0.322s] Level 1:colcon.colcon_core.package_identification:_identify(src) by extension 'python_setup_py'
[0.322s] Level 1:colcon.colcon_core.package_identification:_identify(src/sbus) by extensions ['ignore', 'ignore_ament_install']
[0.322s] Level 1:colcon.colcon_core.package_identification:_identify(src/sbus) by extension 'ignore'
[0.322s] Level 1:colcon.colcon_core.package_identification:_identify(src/sbus) by extension 'ignore_ament_install'
[0.322s] Level 1:colcon.colcon_core.package_identification:_identify(src/sbus) by extensions ['colcon_pkg']
[0.322s] Level 1:colcon.colcon_core.package_identification:_identify(src/sbus) by extension 'colcon_pkg'
[0.322s] Level 1:colcon.colcon_core.package_identification:_identify(src/sbus) by extensions ['colcon_meta']
[0.322s] Level 1:colcon.colcon_core.package_identification:_identify(src/sbus) by extension 'colcon_meta'
[0.322s] Level 1:colcon.colcon_core.package_identification:_identify(src/sbus) by extensions ['ros']
[0.322s] Level 1:colcon.colcon_core.package_identification:_identify(src/sbus) by extension 'ros'
[0.325s] DEBUG:colcon.colcon_core.package_identification:Package 'src/sbus' with type 'ros.ament_cmake' and name 'sbus'
[0.325s] Level 1:colcon.colcon_core.package_discovery:discover_packages(recursive) using defaults
[0.325s] Level 1:colcon.colcon_core.package_discovery:discover_packages(ignore) discover
[0.325s] Level 1:colcon.colcon_core.package_discovery:discover_packages(ignore) using defaults
[0.325s] Level 1:colcon.colcon_core.package_discovery:discover_packages(path) discover
[0.325s] Level 1:colcon.colcon_core.package_discovery:discover_packages(path) using defaults
[0.347s] Level 1:colcon.colcon_core.package_discovery:discover_packages(prefix_path) check parameters
[0.347s] Level 1:colcon.colcon_core.package_discovery:discover_packages(prefix_path) discover
[0.349s] DEBUG:colcon.colcon_installed_package_information.package_discovery:Found 1 installed packages in /home/omer/Desktop/deneme_ws/install
[0.350s] DEBUG:colcon.colcon_installed_package_information.package_discovery:Found 4 installed packages in /home/omer/Desktop/dev_ws/install
[0.351s] DEBUG:colcon.colcon_installed_package_information.package_discovery:Found 270 installed packages in /opt/ros/humble
[0.354s] Level 1:colcon.colcon_core.package_discovery:discover_packages(prefix_path) using defaults
[0.412s] Level 5:colcon.colcon_core.verb:set package 'sbus' build argument 'cmake_args' from command line to 'None'
[0.412s] Level 5:colcon.colcon_core.verb:set package 'sbus' build argument 'cmake_target' from command line to 'None'
[0.412s] Level 5:colcon.colcon_core.verb:set package 'sbus' build argument 'cmake_target_skip_unavailable' from command line to 'False'
[0.412s] Level 5:colcon.colcon_core.verb:set package 'sbus' build argument 'cmake_clean_cache' from command line to 'False'
[0.412s] Level 5:colcon.colcon_core.verb:set package 'sbus' build argument 'cmake_clean_first' from command line to 'False'
[0.412s] Level 5:colcon.colcon_core.verb:set package 'sbus' build argument 'cmake_force_configure' from command line to 'False'
[0.412s] Level 5:colcon.colcon_core.verb:set package 'sbus' build argument 'ament_cmake_args' from command line to 'None'
[0.412s] Level 5:colcon.colcon_core.verb:set package 'sbus' build argument 'catkin_cmake_args' from command line to 'None'
[0.412s] Level 5:colcon.colcon_core.verb:set package 'sbus' build argument 'catkin_skip_building_tests' from command line to 'False'
[0.412s] DEBUG:colcon.colcon_core.verb:Building package 'sbus' with the following arguments: {'ament_cmake_args': None, 'build_base': '/home/omer/Desktop/deneme_ws/build/sbus', 'catkin_cmake_args': None, 'catkin_skip_building_tests': False, 'cmake_args': None, 'cmake_clean_cache': False, 'cmake_clean_first': False, 'cmake_force_configure': False, 'cmake_target': None, 'cmake_target_skip_unavailable': False, 'install_base': '/home/omer/Desktop/deneme_ws/install/sbus', 'merge_install': False, 'path': '/home/omer/Desktop/deneme_ws/src/sbus', 'symlink_install': False, 'test_result_base': None}
[0.413s] INFO:colcon.colcon_core.executor:Executing jobs using 'parallel' executor
[0.420s] DEBUG:colcon.colcon_parallel_executor.executor.parallel:run_until_complete
[0.420s] INFO:colcon.colcon_ros.task.ament_cmake.build:Building ROS package in '/home/omer/Desktop/deneme_ws/src/sbus' with build type 'ament_cmake'
[0.421s] INFO:colcon.colcon_cmake.task.cmake.build:Building CMake package in '/home/omer/Desktop/deneme_ws/src/sbus'
[0.425s] INFO:colcon.colcon_core.plugin_system:Skipping extension 'colcon_core.shell.bat': Not used on non-Windows systems
[0.425s] INFO:colcon.colcon_core.shell:Skip shell extension 'powershell' for command environment: Not usable outside of PowerShell
[0.425s] DEBUG:colcon.colcon_core.shell:Skip shell extension 'dsv' for command environment
[0.437s] DEBUG:colcon.colcon_core.event_handler.log_command:Invoking command in '/home/omer/Desktop/deneme_ws/build/sbus': CMAKE_PREFIX_PATH=${CMAKE_PREFIX_PATH}:/opt/ros/humble /usr/bin/cmake --build /home/omer/Desktop/deneme_ws/build/sbus -- -j8 -l8
[1.221s] DEBUG:colcon.colcon_core.event_handler.log_command:Invoked command in '/home/omer/Desktop/deneme_ws/build/sbus' returned '0': CMAKE_PREFIX_PATH=${CMAKE_PREFIX_PATH}:/opt/ros/humble /usr/bin/cmake --build /home/omer/Desktop/deneme_ws/build/sbus -- -j8 -l8
[1.246s] DEBUG:colcon.colcon_core.event_handler.log_command:Invoking command in '/home/omer/Desktop/deneme_ws/build/sbus': CMAKE_PREFIX_PATH=${CMAKE_PREFIX_PATH}:/opt/ros/humble /usr/bin/cmake --install /home/omer/Desktop/deneme_ws/build/sbus
[1.254s] Level 1:colcon.colcon_core.environment:create_environment_scripts_only(sbus)
[1.255s] DEBUG:colcon.colcon_core.event_handler.log_command:Invoked command in '/home/omer/Desktop/deneme_ws/build/sbus' returned '0': CMAKE_PREFIX_PATH=${CMAKE_PREFIX_PATH}:/opt/ros/humble /usr/bin/cmake --install /home/omer/Desktop/deneme_ws/build/sbus
[1.259s] Level 1:colcon.colcon_core.environment:checking '/home/omer/Desktop/deneme_ws/install/sbus' for CMake module files
[1.259s] Level 1:colcon.colcon_core.environment:checking '/home/omer/Desktop/deneme_ws/install/sbus' for CMake config files
[1.259s] Level 1:colcon.colcon_core.shell:create_environment_hook('sbus', 'cmake_prefix_path')
[1.260s] INFO:colcon.colcon_core.shell:Creating environment hook '/home/omer/Desktop/deneme_ws/install/sbus/share/sbus/hook/cmake_prefix_path.ps1'
[1.261s] INFO:colcon.colcon_core.shell:Creating environment descriptor '/home/omer/Desktop/deneme_ws/install/sbus/share/sbus/hook/cmake_prefix_path.dsv'
[1.261s] INFO:colcon.colcon_core.shell:Creating environment hook '/home/omer/Desktop/deneme_ws/install/sbus/share/sbus/hook/cmake_prefix_path.sh'
[1.262s] Level 1:colcon.colcon_core.environment:checking '/home/omer/Desktop/deneme_ws/install/sbus/lib'
[1.262s] Level 1:colcon.colcon_core.environment:checking '/home/omer/Desktop/deneme_ws/install/sbus/bin'
[1.262s] Level 1:colcon.colcon_core.environment:checking '/home/omer/Desktop/deneme_ws/install/sbus/lib/pkgconfig/sbus.pc'
[1.263s] Level 1:colcon.colcon_core.environment:checking '/home/omer/Desktop/deneme_ws/install/sbus/lib/python3.10/site-packages'
[1.263s] Level 1:colcon.colcon_core.environment:checking '/home/omer/Desktop/deneme_ws/install/sbus/bin'
[1.264s] INFO:colcon.colcon_core.shell:Creating package script '/home/omer/Desktop/deneme_ws/install/sbus/share/sbus/package.ps1'
[1.265s] INFO:colcon.colcon_core.shell:Creating package descriptor '/home/omer/Desktop/deneme_ws/install/sbus/share/sbus/package.dsv'
[1.265s] INFO:colcon.colcon_core.shell:Creating package script '/home/omer/Desktop/deneme_ws/install/sbus/share/sbus/package.sh'
[1.266s] INFO:colcon.colcon_core.shell:Creating package script '/home/omer/Desktop/deneme_ws/install/sbus/share/sbus/package.bash'
[1.267s] INFO:colcon.colcon_core.shell:Creating package script '/home/omer/Desktop/deneme_ws/install/sbus/share/sbus/package.zsh'
[1.267s] Level 1:colcon.colcon_core.environment:create_file_with_runtime_dependencies(/home/omer/Desktop/deneme_ws/install/sbus/share/colcon-core/packages/sbus)
[1.286s] Level 1:colcon.colcon_core.environment:create_environment_scripts_only(sbus)
[1.287s] Level 1:colcon.colcon_core.environment:checking '/home/omer/Desktop/deneme_ws/install/sbus' for CMake module files
[1.288s] Level 1:colcon.colcon_core.environment:checking '/home/omer/Desktop/deneme_ws/install/sbus' for CMake config files
[1.288s] Level 1:colcon.colcon_core.shell:create_environment_hook('sbus', 'cmake_prefix_path')
[1.289s] INFO:colcon.colcon_core.shell:Creating environment hook '/home/omer/Desktop/deneme_ws/install/sbus/share/sbus/hook/cmake_prefix_path.ps1'
[1.289s] INFO:colcon.colcon_core.shell:Creating environment descriptor '/home/omer/Desktop/deneme_ws/install/sbus/share/sbus/hook/cmake_prefix_path.dsv'
[1.290s] INFO:colcon.colcon_core.shell:Creating environment hook '/home/omer/Desktop/deneme_ws/install/sbus/share/sbus/hook/cmake_prefix_path.sh'
[1.290s] Level 1:colcon.colcon_core.environment:checking '/home/omer/Desktop/deneme_ws/install/sbus/lib'
[1.290s] Level 1:colcon.colcon_core.environment:checking '/home/omer/Desktop/deneme_ws/install/sbus/bin'
[1.290s] Level 1:colcon.colcon_core.environment:checking '/home/omer/Desktop/deneme_ws/install/sbus/lib/pkgconfig/sbus.pc'
[1.290s] Level 1:colcon.colcon_core.environment:checking '/home/omer/Desktop/deneme_ws/install/sbus/lib/python3.10/site-packages'
[1.291s] Level 1:colcon.colcon_core.environment:checking '/home/omer/Desktop/deneme_ws/install/sbus/bin'
[1.292s] INFO:colcon.colcon_core.shell:Creating package script '/home/omer/Desktop/deneme_ws/install/sbus/share/sbus/package.ps1'
[1.292s] INFO:colcon.colcon_core.shell:Creating package descriptor '/home/omer/Desktop/deneme_ws/install/sbus/share/sbus/package.dsv'
[1.292s] INFO:colcon.colcon_core.shell:Creating package script '/home/omer/Desktop/deneme_ws/install/sbus/share/sbus/package.sh'
[1.293s] INFO:colcon.colcon_core.shell:Creating package script '/home/omer/Desktop/deneme_ws/install/sbus/share/sbus/package.bash'
[1.293s] INFO:colcon.colcon_core.shell:Creating package script '/home/omer/Desktop/deneme_ws/install/sbus/share/sbus/package.zsh'
[1.293s] Level 1:colcon.colcon_core.environment:create_file_with_runtime_dependencies(/home/omer/Desktop/deneme_ws/install/sbus/share/colcon-core/packages/sbus)
[1.294s] DEBUG:colcon.colcon_parallel_executor.executor.parallel:closing loop
[1.294s] DEBUG:colcon.colcon_parallel_executor.executor.parallel:loop closed
[1.294s] DEBUG:colcon.colcon_parallel_executor.executor.parallel:run_until_complete finished with '0'
[1.294s] DEBUG:colcon.colcon_core.event_reactor:joining thread
[1.299s] INFO:colcon.colcon_core.plugin_system:Skipping extension 'colcon_notification.desktop_notification.terminal_notifier': Not used on non-Darwin systems
[1.299s] INFO:colcon.colcon_core.plugin_system:Skipping extension 'colcon_notification.desktop_notification.win32': Not used on non-Windows systems
[1.299s] INFO:colcon.colcon_notification.desktop_notification:Sending desktop notification using 'notify2'
[1.309s] DEBUG:colcon.colcon_core.event_reactor:joined thread
[1.311s] INFO:colcon.colcon_core.shell:Creating prefix script '/home/omer/Desktop/deneme_ws/install/local_setup.ps1'
[1.311s] INFO:colcon.colcon_core.shell:Creating prefix util module '/home/omer/Desktop/deneme_ws/install/_local_setup_util_ps1.py'
[1.313s] INFO:colcon.colcon_core.shell:Creating prefix chain script '/home/omer/Desktop/deneme_ws/install/setup.ps1'
[1.314s] INFO:colcon.colcon_core.shell:Creating prefix script '/home/omer/Desktop/deneme_ws/install/local_setup.sh'
[1.315s] INFO:colcon.colcon_core.shell:Creating prefix util module '/home/omer/Desktop/deneme_ws/install/_local_setup_util_sh.py'
[1.315s] INFO:colcon.colcon_core.shell:Creating prefix chain script '/home/omer/Desktop/deneme_ws/install/setup.sh'
[1.316s] INFO:colcon.colcon_core.shell:Creating prefix script '/home/omer/Desktop/deneme_ws/install/local_setup.bash'
[1.317s] INFO:colcon.colcon_core.shell:Creating prefix chain script '/home/omer/Desktop/deneme_ws/install/setup.bash'
[1.318s] INFO:colcon.colcon_core.shell:Creating prefix script '/home/omer/Desktop/deneme_ws/install/local_setup.zsh'
[1.318s] INFO:colcon.colcon_core.shell:Creating prefix chain script '/home/omer/Desktop/deneme_ws/install/setup.zsh'
