[0.039s] Invoking command in '/home/omer/Desktop/deneme_ws/build/sbus': CMAKE_PREFIX_PATH=/opt/ros/humble /usr/bin/cmake --build /home/omer/Desktop/deneme_ws/build/sbus -- -j8 -l8
[0.541s] [35m[1mConsolidate compiler generated dependencies of target sbus_node[0m
[0.578s] [ 50%] [32mBuilding CXX object CMakeFiles/sbus_node.dir/src/sbus.cpp.o[0m
[11.186s] [100%] [32m[1mLinking CXX executable sbus_node[0m
[11.716s] [100%] Built target sbus_node
[11.725s] Invoked command in '/home/omer/Desktop/deneme_ws/build/sbus' returned '0': CMAKE_PREFIX_PATH=/opt/ros/humble /usr/bin/cmake --build /home/omer/Desktop/deneme_ws/build/sbus -- -j8 -l8
[11.749s] Invoking command in '/home/omer/Desktop/deneme_ws/build/sbus': CMAKE_PREFIX_PATH=/opt/ros/humble /usr/bin/cmake --install /home/omer/Desktop/deneme_ws/build/sbus
[11.755s] -- Install configuration: ""
[11.899s] -- Installing: /home/omer/Desktop/deneme_ws/install/sbus/lib/sbus/sbus_node
[11.949s] -- Set runtime path of "/home/omer/Desktop/deneme_ws/install/sbus/lib/sbus/sbus_node" to ""
[11.949s] -- Up-to-date: /home/omer/Desktop/deneme_ws/install/sbus/share/ament_index/resource_index/package_run_dependencies/sbus
[11.949s] -- Up-to-date: /home/omer/Desktop/deneme_ws/install/sbus/share/ament_index/resource_index/parent_prefix_path/sbus
[11.950s] -- Up-to-date: /home/omer/Desktop/deneme_ws/install/sbus/share/sbus/environment/ament_prefix_path.sh
[11.950s] -- Up-to-date: /home/omer/Desktop/deneme_ws/install/sbus/share/sbus/environment/ament_prefix_path.dsv
[11.950s] -- Up-to-date: /home/omer/Desktop/deneme_ws/install/sbus/share/sbus/environment/path.sh
[11.950s] -- Up-to-date: /home/omer/Desktop/deneme_ws/install/sbus/share/sbus/environment/path.dsv
[11.950s] -- Up-to-date: /home/omer/Desktop/deneme_ws/install/sbus/share/sbus/local_setup.bash
[11.950s] -- Up-to-date: /home/omer/Desktop/deneme_ws/install/sbus/share/sbus/local_setup.sh
[11.950s] -- Up-to-date: /home/omer/Desktop/deneme_ws/install/sbus/share/sbus/local_setup.zsh
[11.950s] -- Up-to-date: /home/omer/Desktop/deneme_ws/install/sbus/share/sbus/local_setup.dsv
[11.950s] -- Installing: /home/omer/Desktop/deneme_ws/install/sbus/share/sbus/package.dsv
[11.950s] -- Up-to-date: /home/omer/Desktop/deneme_ws/install/sbus/share/ament_index/resource_index/packages/sbus
[11.950s] -- Up-to-date: /home/omer/Desktop/deneme_ws/install/sbus/share/sbus/cmake/sbusConfig.cmake
[11.950s] -- Up-to-date: /home/omer/Desktop/deneme_ws/install/sbus/share/sbus/cmake/sbusConfig-version.cmake
[11.951s] -- Up-to-date: /home/omer/Desktop/deneme_ws/install/sbus/share/sbus/package.xml
[11.952s] Invoked command in '/home/omer/Desktop/deneme_ws/build/sbus' returned '0': CMAKE_PREFIX_PATH=/opt/ros/humble /usr/bin/cmake --install /home/omer/Desktop/deneme_ws/build/sbus
