[1.226s] DEBUG:colcon:Command line arguments: ['/usr/bin/colcon', 'build']
[1.226s] DEBUG:colcon:Parsed command line arguments: Namespace(log_base=None, log_level=None, verb_name='build', build_base='build', install_base='install', merge_install=False, symlink_install=False, test_result_base=None, continue_on_error=False, executor='parallel', parallel_workers=8, event_handlers=None, ignore_user_meta=False, metas=['./colcon.meta'], base_paths=['.'], packages_ignore=None, packages_ignore_regex=None, paths=None, packages_up_to=None, packages_up_to_regex=None, packages_above=None, packages_above_and_dependencies=None, packages_above_depth=None, packages_select_by_dep=None, packages_skip_by_dep=None, packages_skip_up_to=None, packages_select_build_failed=False, packages_skip_build_finished=False, packages_select_test_failures=False, packages_skip_test_passed=False, packages_select=None, packages_skip=None, packages_select_regex=None, packages_skip_regex=None, packages_start=None, packages_end=None, allow_overriding=[], cmake_args=None, cmake_target=None, cmake_target_skip_unavailable=False, cmake_clean_cache=False, cmake_clean_first=False, cmake_force_configure=False, ament_cmake_args=None, catkin_cmake_args=None, catkin_skip_building_tests=False, verb_parser=<colcon_defaults.argument_parser.defaults.DefaultArgumentsDecorator object at 0x7f18e60a8c40>, verb_extension=<colcon_core.verb.build.BuildVerb object at 0x7f18e6a2f610>, main=<bound method BuildVerb.main of <colcon_core.verb.build.BuildVerb object at 0x7f18e6a2f610>>)
[1.246s] Level 1:colcon.colcon_core.package_discovery:discover_packages(colcon_meta) check parameters
[1.247s] Level 1:colcon.colcon_core.package_discovery:discover_packages(recursive) check parameters
[1.247s] Level 1:colcon.colcon_core.package_discovery:discover_packages(ignore) check parameters
[1.247s] Level 1:colcon.colcon_core.package_discovery:discover_packages(path) check parameters
[1.247s] Level 1:colcon.colcon_core.package_discovery:discover_packages(colcon_meta) discover
[1.247s] Level 1:colcon.colcon_core.package_discovery:discover_packages(recursive) discover
[1.247s] INFO:colcon.colcon_core.package_discovery:Crawling recursively for packages in '/home/omer/Desktop/deneme_ws'
[1.247s] Level 1:colcon.colcon_core.package_identification:_identify(.) by extensions ['ignore', 'ignore_ament_install']
[1.247s] Level 1:colcon.colcon_core.package_identification:_identify(.) by extension 'ignore'
[1.247s] Level 1:colcon.colcon_core.package_identification:_identify(.) by extension 'ignore_ament_install'
[1.247s] Level 1:colcon.colcon_core.package_identification:_identify(.) by extensions ['colcon_pkg']
[1.247s] Level 1:colcon.colcon_core.package_identification:_identify(.) by extension 'colcon_pkg'
[1.248s] Level 1:colcon.colcon_core.package_identification:_identify(.) by extensions ['colcon_meta']
[1.248s] Level 1:colcon.colcon_core.package_identification:_identify(.) by extension 'colcon_meta'
[1.248s] Level 1:colcon.colcon_core.package_identification:_identify(.) by extensions ['ros']
[1.248s] Level 1:colcon.colcon_core.package_identification:_identify(.) by extension 'ros'
[1.265s] Level 1:colcon.colcon_core.package_identification:_identify(.) by extensions ['cmake', 'python']
[1.265s] Level 1:colcon.colcon_core.package_identification:_identify(.) by extension 'cmake'
[1.265s] Level 1:colcon.colcon_core.package_identification:_identify(.) by extension 'python'
[1.265s] Level 1:colcon.colcon_core.package_identification:_identify(.) by extensions ['python_setup_py']
[1.265s] Level 1:colcon.colcon_core.package_identification:_identify(.) by extension 'python_setup_py'
[1.265s] Level 1:colcon.colcon_core.package_identification:_identify(build) by extensions ['ignore', 'ignore_ament_install']
[1.266s] Level 1:colcon.colcon_core.package_identification:_identify(build) by extension 'ignore'
[1.266s] Level 1:colcon.colcon_core.package_identification:_identify(build) ignored
[1.266s] Level 1:colcon.colcon_core.package_identification:_identify(install) by extensions ['ignore', 'ignore_ament_install']
[1.266s] Level 1:colcon.colcon_core.package_identification:_identify(install) by extension 'ignore'
[1.266s] Level 1:colcon.colcon_core.package_identification:_identify(install) ignored
[1.266s] Level 1:colcon.colcon_core.package_identification:_identify(log) by extensions ['ignore', 'ignore_ament_install']
[1.266s] Level 1:colcon.colcon_core.package_identification:_identify(log) by extension 'ignore'
[1.266s] Level 1:colcon.colcon_core.package_identification:_identify(log) ignored
[1.266s] Level 1:colcon.colcon_core.package_identification:_identify(src) by extensions ['ignore', 'ignore_ament_install']
[1.266s] Level 1:colcon.colcon_core.package_identification:_identify(src) by extension 'ignore'
[1.266s] Level 1:colcon.colcon_core.package_identification:_identify(src) by extension 'ignore_ament_install'
[1.266s] Level 1:colcon.colcon_core.package_identification:_identify(src) by extensions ['colcon_pkg']
[1.266s] Level 1:colcon.colcon_core.package_identification:_identify(src) by extension 'colcon_pkg'
[1.266s] Level 1:colcon.colcon_core.package_identification:_identify(src) by extensions ['colcon_meta']
[1.267s] Level 1:colcon.colcon_core.package_identification:_identify(src) by extension 'colcon_meta'
[1.267s] Level 1:colcon.colcon_core.package_identification:_identify(src) by extensions ['ros']
[1.267s] Level 1:colcon.colcon_core.package_identification:_identify(src) by extension 'ros'
[1.267s] Level 1:colcon.colcon_core.package_identification:_identify(src) by extensions ['cmake', 'python']
[1.267s] Level 1:colcon.colcon_core.package_identification:_identify(src) by extension 'cmake'
[1.267s] Level 1:colcon.colcon_core.package_identification:_identify(src) by extension 'python'
[1.267s] Level 1:colcon.colcon_core.package_identification:_identify(src) by extensions ['python_setup_py']
[1.267s] Level 1:colcon.colcon_core.package_identification:_identify(src) by extension 'python_setup_py'
[1.267s] Level 1:colcon.colcon_core.package_identification:_identify(src/sbus) by extensions ['ignore', 'ignore_ament_install']
[1.267s] Level 1:colcon.colcon_core.package_identification:_identify(src/sbus) by extension 'ignore'
[1.267s] Level 1:colcon.colcon_core.package_identification:_identify(src/sbus) by extension 'ignore_ament_install'
[1.267s] Level 1:colcon.colcon_core.package_identification:_identify(src/sbus) by extensions ['colcon_pkg']
[1.267s] Level 1:colcon.colcon_core.package_identification:_identify(src/sbus) by extension 'colcon_pkg'
[1.267s] Level 1:colcon.colcon_core.package_identification:_identify(src/sbus) by extensions ['colcon_meta']
[1.267s] Level 1:colcon.colcon_core.package_identification:_identify(src/sbus) by extension 'colcon_meta'
[1.267s] Level 1:colcon.colcon_core.package_identification:_identify(src/sbus) by extensions ['ros']
[1.267s] Level 1:colcon.colcon_core.package_identification:_identify(src/sbus) by extension 'ros'
[1.270s] DEBUG:colcon.colcon_core.package_identification:Package 'src/sbus' with type 'ros.ament_cmake' and name 'sbus'
[1.270s] Level 1:colcon.colcon_core.package_discovery:discover_packages(recursive) using defaults
[1.270s] Level 1:colcon.colcon_core.package_discovery:discover_packages(ignore) discover
[1.270s] Level 1:colcon.colcon_core.package_discovery:discover_packages(ignore) using defaults
[1.270s] Level 1:colcon.colcon_core.package_discovery:discover_packages(path) discover
[1.270s] Level 1:colcon.colcon_core.package_discovery:discover_packages(path) using defaults
[1.291s] Level 1:colcon.colcon_core.package_discovery:discover_packages(prefix_path) check parameters
[1.291s] Level 1:colcon.colcon_core.package_discovery:discover_packages(prefix_path) discover
[1.293s] DEBUG:colcon.colcon_installed_package_information.package_discovery:Found 270 installed packages in /opt/ros/humble
[1.295s] Level 1:colcon.colcon_core.package_discovery:discover_packages(prefix_path) using defaults
[1.346s] Level 5:colcon.colcon_core.verb:set package 'sbus' build argument 'cmake_args' from command line to 'None'
[1.346s] Level 5:colcon.colcon_core.verb:set package 'sbus' build argument 'cmake_target' from command line to 'None'
[1.347s] Level 5:colcon.colcon_core.verb:set package 'sbus' build argument 'cmake_target_skip_unavailable' from command line to 'False'
[1.347s] Level 5:colcon.colcon_core.verb:set package 'sbus' build argument 'cmake_clean_cache' from command line to 'False'
[1.347s] Level 5:colcon.colcon_core.verb:set package 'sbus' build argument 'cmake_clean_first' from command line to 'False'
[1.347s] Level 5:colcon.colcon_core.verb:set package 'sbus' build argument 'cmake_force_configure' from command line to 'False'
[1.347s] Level 5:colcon.colcon_core.verb:set package 'sbus' build argument 'ament_cmake_args' from command line to 'None'
[1.347s] Level 5:colcon.colcon_core.verb:set package 'sbus' build argument 'catkin_cmake_args' from command line to 'None'
[1.347s] Level 5:colcon.colcon_core.verb:set package 'sbus' build argument 'catkin_skip_building_tests' from command line to 'False'
[1.347s] DEBUG:colcon.colcon_core.verb:Building package 'sbus' with the following arguments: {'ament_cmake_args': None, 'build_base': '/home/omer/Desktop/deneme_ws/build/sbus', 'catkin_cmake_args': None, 'catkin_skip_building_tests': False, 'cmake_args': None, 'cmake_clean_cache': False, 'cmake_clean_first': False, 'cmake_force_configure': False, 'cmake_target': None, 'cmake_target_skip_unavailable': False, 'install_base': '/home/omer/Desktop/deneme_ws/install/sbus', 'merge_install': False, 'path': '/home/omer/Desktop/deneme_ws/src/sbus', 'symlink_install': False, 'test_result_base': None}
[1.348s] INFO:colcon.colcon_core.executor:Executing jobs using 'parallel' executor
[1.351s] DEBUG:colcon.colcon_parallel_executor.executor.parallel:run_until_complete
[1.352s] INFO:colcon.colcon_ros.task.ament_cmake.build:Building ROS package in '/home/omer/Desktop/deneme_ws/src/sbus' with build type 'ament_cmake'
[1.352s] INFO:colcon.colcon_cmake.task.cmake.build:Building CMake package in '/home/omer/Desktop/deneme_ws/src/sbus'
[1.355s] INFO:colcon.colcon_core.plugin_system:Skipping extension 'colcon_core.shell.bat': Not used on non-Windows systems
[1.356s] INFO:colcon.colcon_core.shell:Skip shell extension 'powershell' for command environment: Not usable outside of PowerShell
[1.356s] DEBUG:colcon.colcon_core.shell:Skip shell extension 'dsv' for command environment
[1.486s] DEBUG:colcon.colcon_core.event_handler.log_command:Invoking command in '/home/omer/Desktop/deneme_ws/build/sbus': CMAKE_PREFIX_PATH=/opt/ros/humble /usr/bin/cmake --build /home/omer/Desktop/deneme_ws/build/sbus -- -j8 -l8
[17.413s] DEBUG:colcon.colcon_core.event_handler.log_command:Invoked command in '/home/omer/Desktop/deneme_ws/build/sbus' returned '0': CMAKE_PREFIX_PATH=/opt/ros/humble /usr/bin/cmake --build /home/omer/Desktop/deneme_ws/build/sbus -- -j8 -l8
[17.436s] DEBUG:colcon.colcon_core.event_handler.log_command:Invoking command in '/home/omer/Desktop/deneme_ws/build/sbus': CMAKE_PREFIX_PATH=/opt/ros/humble /usr/bin/cmake --install /home/omer/Desktop/deneme_ws/build/sbus
[17.933s] Level 1:colcon.colcon_core.environment:create_environment_scripts_only(sbus)
[17.935s] DEBUG:colcon.colcon_core.event_handler.log_command:Invoked command in '/home/omer/Desktop/deneme_ws/build/sbus' returned '0': CMAKE_PREFIX_PATH=/opt/ros/humble /usr/bin/cmake --install /home/omer/Desktop/deneme_ws/build/sbus
[17.952s] Level 1:colcon.colcon_core.environment:checking '/home/omer/Desktop/deneme_ws/install/sbus' for CMake module files
[17.954s] Level 1:colcon.colcon_core.environment:checking '/home/omer/Desktop/deneme_ws/install/sbus' for CMake config files
[17.954s] Level 1:colcon.colcon_core.shell:create_environment_hook('sbus', 'cmake_prefix_path')
[17.958s] INFO:colcon.colcon_core.shell:Creating environment hook '/home/omer/Desktop/deneme_ws/install/sbus/share/sbus/hook/cmake_prefix_path.ps1'
[17.981s] INFO:colcon.colcon_core.shell:Creating environment descriptor '/home/omer/Desktop/deneme_ws/install/sbus/share/sbus/hook/cmake_prefix_path.dsv'
[17.985s] INFO:colcon.colcon_core.shell:Creating environment hook '/home/omer/Desktop/deneme_ws/install/sbus/share/sbus/hook/cmake_prefix_path.sh'
[17.989s] Level 1:colcon.colcon_core.environment:checking '/home/omer/Desktop/deneme_ws/install/sbus/lib'
[17.990s] Level 1:colcon.colcon_core.environment:checking '/home/omer/Desktop/deneme_ws/install/sbus/bin'
[17.990s] Level 1:colcon.colcon_core.environment:checking '/home/omer/Desktop/deneme_ws/install/sbus/lib/pkgconfig/sbus.pc'
[17.991s] Level 1:colcon.colcon_core.environment:checking '/home/omer/Desktop/deneme_ws/install/sbus/lib/python3.10/site-packages'
[17.991s] Level 1:colcon.colcon_core.environment:checking '/home/omer/Desktop/deneme_ws/install/sbus/bin'
[17.996s] INFO:colcon.colcon_core.shell:Creating package script '/home/omer/Desktop/deneme_ws/install/sbus/share/sbus/package.ps1'
[18.104s] INFO:colcon.colcon_core.shell:Creating package descriptor '/home/omer/Desktop/deneme_ws/install/sbus/share/sbus/package.dsv'
[18.110s] INFO:colcon.colcon_core.shell:Creating package script '/home/omer/Desktop/deneme_ws/install/sbus/share/sbus/package.sh'
[18.119s] INFO:colcon.colcon_core.shell:Creating package script '/home/omer/Desktop/deneme_ws/install/sbus/share/sbus/package.bash'
[18.137s] INFO:colcon.colcon_core.shell:Creating package script '/home/omer/Desktop/deneme_ws/install/sbus/share/sbus/package.zsh'
[18.158s] Level 1:colcon.colcon_core.environment:create_file_with_runtime_dependencies(/home/omer/Desktop/deneme_ws/install/sbus/share/colcon-core/packages/sbus)
[18.219s] Level 1:colcon.colcon_core.environment:create_environment_scripts_only(sbus)
[18.225s] Level 1:colcon.colcon_core.environment:checking '/home/omer/Desktop/deneme_ws/install/sbus' for CMake module files
[18.226s] Level 1:colcon.colcon_core.environment:checking '/home/omer/Desktop/deneme_ws/install/sbus' for CMake config files
[18.227s] Level 1:colcon.colcon_core.shell:create_environment_hook('sbus', 'cmake_prefix_path')
[18.230s] INFO:colcon.colcon_core.shell:Creating environment hook '/home/omer/Desktop/deneme_ws/install/sbus/share/sbus/hook/cmake_prefix_path.ps1'
[18.258s] INFO:colcon.colcon_core.shell:Creating environment descriptor '/home/omer/Desktop/deneme_ws/install/sbus/share/sbus/hook/cmake_prefix_path.dsv'
[18.264s] INFO:colcon.colcon_core.shell:Creating environment hook '/home/omer/Desktop/deneme_ws/install/sbus/share/sbus/hook/cmake_prefix_path.sh'
[18.266s] Level 1:colcon.colcon_core.environment:checking '/home/omer/Desktop/deneme_ws/install/sbus/lib'
[18.266s] Level 1:colcon.colcon_core.environment:checking '/home/omer/Desktop/deneme_ws/install/sbus/bin'
[18.266s] Level 1:colcon.colcon_core.environment:checking '/home/omer/Desktop/deneme_ws/install/sbus/lib/pkgconfig/sbus.pc'
[18.267s] Level 1:colcon.colcon_core.environment:checking '/home/omer/Desktop/deneme_ws/install/sbus/lib/python3.10/site-packages'
[18.268s] Level 1:colcon.colcon_core.environment:checking '/home/omer/Desktop/deneme_ws/install/sbus/bin'
[18.272s] INFO:colcon.colcon_core.shell:Creating package script '/home/omer/Desktop/deneme_ws/install/sbus/share/sbus/package.ps1'
[18.392s] INFO:colcon.colcon_core.shell:Creating package descriptor '/home/omer/Desktop/deneme_ws/install/sbus/share/sbus/package.dsv'
[18.409s] INFO:colcon.colcon_core.shell:Creating package script '/home/omer/Desktop/deneme_ws/install/sbus/share/sbus/package.sh'
[18.411s] INFO:colcon.colcon_core.shell:Creating package script '/home/omer/Desktop/deneme_ws/install/sbus/share/sbus/package.bash'
[18.429s] INFO:colcon.colcon_core.shell:Creating package script '/home/omer/Desktop/deneme_ws/install/sbus/share/sbus/package.zsh'
[18.431s] Level 1:colcon.colcon_core.environment:create_file_with_runtime_dependencies(/home/omer/Desktop/deneme_ws/install/sbus/share/colcon-core/packages/sbus)
[18.513s] DEBUG:colcon.colcon_parallel_executor.executor.parallel:closing loop
[18.514s] DEBUG:colcon.colcon_parallel_executor.executor.parallel:loop closed
[18.515s] DEBUG:colcon.colcon_parallel_executor.executor.parallel:run_until_complete finished with '0'
[18.516s] DEBUG:colcon.colcon_core.event_reactor:joining thread
[18.735s] INFO:colcon.colcon_core.plugin_system:Skipping extension 'colcon_notification.desktop_notification.terminal_notifier': Not used on non-Darwin systems
[18.735s] INFO:colcon.colcon_core.plugin_system:Skipping extension 'colcon_notification.desktop_notification.win32': Not used on non-Windows systems
[18.736s] INFO:colcon.colcon_notification.desktop_notification:Sending desktop notification using 'notify2'
[19.354s] DEBUG:colcon.colcon_core.event_reactor:joined thread
[19.360s] INFO:colcon.colcon_core.shell:Creating prefix script '/home/omer/Desktop/deneme_ws/install/local_setup.ps1'
[19.370s] INFO:colcon.colcon_core.shell:Creating prefix util module '/home/omer/Desktop/deneme_ws/install/_local_setup_util_ps1.py'
[19.380s] INFO:colcon.colcon_core.shell:Creating prefix chain script '/home/omer/Desktop/deneme_ws/install/setup.ps1'
[19.391s] INFO:colcon.colcon_core.shell:Creating prefix script '/home/omer/Desktop/deneme_ws/install/local_setup.sh'
[19.501s] INFO:colcon.colcon_core.shell:Creating prefix util module '/home/omer/Desktop/deneme_ws/install/_local_setup_util_sh.py'
[19.514s] INFO:colcon.colcon_core.shell:Creating prefix chain script '/home/omer/Desktop/deneme_ws/install/setup.sh'
[19.524s] INFO:colcon.colcon_core.shell:Creating prefix script '/home/omer/Desktop/deneme_ws/install/local_setup.bash'
[19.624s] INFO:colcon.colcon_core.shell:Creating prefix chain script '/home/omer/Desktop/deneme_ws/install/setup.bash'
[19.640s] INFO:colcon.colcon_core.shell:Creating prefix script '/home/omer/Desktop/deneme_ws/install/local_setup.zsh'
[19.650s] INFO:colcon.colcon_core.shell:Creating prefix chain script '/home/omer/Desktop/deneme_ws/install/setup.zsh'
