[0.354s] DEBUG:colcon:Command line arguments: ['/usr/bin/colcon', 'build']
[0.354s] DEBUG:colcon:Parsed command line arguments: Namespace(log_base=None, log_level=None, verb_name='build', build_base='build', install_base='install', merge_install=False, symlink_install=False, test_result_base=None, continue_on_error=False, executor='parallel', parallel_workers=8, event_handlers=None, ignore_user_meta=False, metas=['./colcon.meta'], base_paths=['.'], packages_ignore=None, packages_ignore_regex=None, paths=None, packages_up_to=None, packages_up_to_regex=None, packages_above=None, packages_above_and_dependencies=None, packages_above_depth=None, packages_select_by_dep=None, packages_skip_by_dep=None, packages_skip_up_to=None, packages_select_build_failed=False, packages_skip_build_finished=False, packages_select_test_failures=False, packages_skip_test_passed=False, packages_select=None, packages_skip=None, packages_select_regex=None, packages_skip_regex=None, packages_start=None, packages_end=None, allow_overriding=[], cmake_args=None, cmake_target=None, cmake_target_skip_unavailable=False, cmake_clean_cache=False, cmake_clean_first=False, cmake_force_configure=False, ament_cmake_args=None, catkin_cmake_args=None, catkin_skip_building_tests=False, verb_parser=<colcon_defaults.argument_parser.defaults.DefaultArgumentsDecorator object at 0x7fc89e15cc70>, verb_extension=<colcon_core.verb.build.BuildVerb object at 0x7fc89eae1240>, main=<bound method BuildVerb.main of <colcon_core.verb.build.BuildVerb object at 0x7fc89eae1240>>)
[0.416s] Level 1:colcon.colcon_core.package_discovery:discover_packages(colcon_meta) check parameters
[0.416s] Level 1:colcon.colcon_core.package_discovery:discover_packages(recursive) check parameters
[0.416s] Level 1:colcon.colcon_core.package_discovery:discover_packages(ignore) check parameters
[0.417s] Level 1:colcon.colcon_core.package_discovery:discover_packages(path) check parameters
[0.417s] Level 1:colcon.colcon_core.package_discovery:discover_packages(colcon_meta) discover
[0.417s] Level 1:colcon.colcon_core.package_discovery:discover_packages(recursive) discover
[0.417s] INFO:colcon.colcon_core.package_discovery:Crawling recursively for packages in '/home/omer/Desktop/deneme_ws'
[0.417s] Level 1:colcon.colcon_core.package_identification:_identify(.) by extensions ['ignore', 'ignore_ament_install']
[0.417s] Level 1:colcon.colcon_core.package_identification:_identify(.) by extension 'ignore'
[0.417s] Level 1:colcon.colcon_core.package_identification:_identify(.) by extension 'ignore_ament_install'
[0.418s] Level 1:colcon.colcon_core.package_identification:_identify(.) by extensions ['colcon_pkg']
[0.418s] Level 1:colcon.colcon_core.package_identification:_identify(.) by extension 'colcon_pkg'
[0.418s] Level 1:colcon.colcon_core.package_identification:_identify(.) by extensions ['colcon_meta']
[0.418s] Level 1:colcon.colcon_core.package_identification:_identify(.) by extension 'colcon_meta'
[0.418s] Level 1:colcon.colcon_core.package_identification:_identify(.) by extensions ['ros']
[0.418s] Level 1:colcon.colcon_core.package_identification:_identify(.) by extension 'ros'
[0.443s] Level 1:colcon.colcon_core.package_identification:_identify(.) by extensions ['cmake', 'python']
[0.443s] Level 1:colcon.colcon_core.package_identification:_identify(.) by extension 'cmake'
[0.443s] Level 1:colcon.colcon_core.package_identification:_identify(.) by extension 'python'
[0.443s] Level 1:colcon.colcon_core.package_identification:_identify(.) by extensions ['python_setup_py']
[0.443s] Level 1:colcon.colcon_core.package_identification:_identify(.) by extension 'python_setup_py'
[0.443s] Level 1:colcon.colcon_core.package_identification:_identify(build) by extensions ['ignore', 'ignore_ament_install']
[0.443s] Level 1:colcon.colcon_core.package_identification:_identify(build) by extension 'ignore'
[0.444s] Level 1:colcon.colcon_core.package_identification:_identify(build) ignored
[0.444s] Level 1:colcon.colcon_core.package_identification:_identify(install) by extensions ['ignore', 'ignore_ament_install']
[0.444s] Level 1:colcon.colcon_core.package_identification:_identify(install) by extension 'ignore'
[0.444s] Level 1:colcon.colcon_core.package_identification:_identify(install) ignored
[0.444s] Level 1:colcon.colcon_core.package_identification:_identify(log) by extensions ['ignore', 'ignore_ament_install']
[0.445s] Level 1:colcon.colcon_core.package_identification:_identify(log) by extension 'ignore'
[0.445s] Level 1:colcon.colcon_core.package_identification:_identify(log) ignored
[0.445s] Level 1:colcon.colcon_core.package_identification:_identify(src) by extensions ['ignore', 'ignore_ament_install']
[0.445s] Level 1:colcon.colcon_core.package_identification:_identify(src) by extension 'ignore'
[0.445s] Level 1:colcon.colcon_core.package_identification:_identify(src) by extension 'ignore_ament_install'
[0.445s] Level 1:colcon.colcon_core.package_identification:_identify(src) by extensions ['colcon_pkg']
[0.445s] Level 1:colcon.colcon_core.package_identification:_identify(src) by extension 'colcon_pkg'
[0.445s] Level 1:colcon.colcon_core.package_identification:_identify(src) by extensions ['colcon_meta']
[0.446s] Level 1:colcon.colcon_core.package_identification:_identify(src) by extension 'colcon_meta'
[0.446s] Level 1:colcon.colcon_core.package_identification:_identify(src) by extensions ['ros']
[0.446s] Level 1:colcon.colcon_core.package_identification:_identify(src) by extension 'ros'
[0.446s] Level 1:colcon.colcon_core.package_identification:_identify(src) by extensions ['cmake', 'python']
[0.446s] Level 1:colcon.colcon_core.package_identification:_identify(src) by extension 'cmake'
[0.446s] Level 1:colcon.colcon_core.package_identification:_identify(src) by extension 'python'
[0.446s] Level 1:colcon.colcon_core.package_identification:_identify(src) by extensions ['python_setup_py']
[0.446s] Level 1:colcon.colcon_core.package_identification:_identify(src) by extension 'python_setup_py'
[0.446s] Level 1:colcon.colcon_core.package_identification:_identify(src/sbus) by extensions ['ignore', 'ignore_ament_install']
[0.446s] Level 1:colcon.colcon_core.package_identification:_identify(src/sbus) by extension 'ignore'
[0.446s] Level 1:colcon.colcon_core.package_identification:_identify(src/sbus) by extension 'ignore_ament_install'
[0.446s] Level 1:colcon.colcon_core.package_identification:_identify(src/sbus) by extensions ['colcon_pkg']
[0.446s] Level 1:colcon.colcon_core.package_identification:_identify(src/sbus) by extension 'colcon_pkg'
[0.446s] Level 1:colcon.colcon_core.package_identification:_identify(src/sbus) by extensions ['colcon_meta']
[0.446s] Level 1:colcon.colcon_core.package_identification:_identify(src/sbus) by extension 'colcon_meta'
[0.446s] Level 1:colcon.colcon_core.package_identification:_identify(src/sbus) by extensions ['ros']
[0.447s] Level 1:colcon.colcon_core.package_identification:_identify(src/sbus) by extension 'ros'
[0.449s] DEBUG:colcon.colcon_core.package_identification:Package 'src/sbus' with type 'ros.ament_cmake' and name 'sbus'
[0.449s] Level 1:colcon.colcon_core.package_discovery:discover_packages(recursive) using defaults
[0.449s] Level 1:colcon.colcon_core.package_discovery:discover_packages(ignore) discover
[0.450s] Level 1:colcon.colcon_core.package_discovery:discover_packages(ignore) using defaults
[0.450s] Level 1:colcon.colcon_core.package_discovery:discover_packages(path) discover
[0.450s] Level 1:colcon.colcon_core.package_discovery:discover_packages(path) using defaults
[0.475s] Level 1:colcon.colcon_core.package_discovery:discover_packages(prefix_path) check parameters
[0.475s] Level 1:colcon.colcon_core.package_discovery:discover_packages(prefix_path) discover
[0.478s] DEBUG:colcon.colcon_installed_package_information.package_discovery:Found 1 installed packages in /home/omer/Desktop/deneme_ws/install
[0.479s] DEBUG:colcon.colcon_installed_package_information.package_discovery:Found 4 installed packages in /home/omer/Desktop/dev_ws/install
[0.481s] DEBUG:colcon.colcon_installed_package_information.package_discovery:Found 270 installed packages in /opt/ros/humble
[0.483s] Level 1:colcon.colcon_core.package_discovery:discover_packages(prefix_path) using defaults
[0.552s] Level 5:colcon.colcon_core.verb:set package 'sbus' build argument 'cmake_args' from command line to 'None'
[0.553s] Level 5:colcon.colcon_core.verb:set package 'sbus' build argument 'cmake_target' from command line to 'None'
[0.553s] Level 5:colcon.colcon_core.verb:set package 'sbus' build argument 'cmake_target_skip_unavailable' from command line to 'False'
[0.553s] Level 5:colcon.colcon_core.verb:set package 'sbus' build argument 'cmake_clean_cache' from command line to 'False'
[0.553s] Level 5:colcon.colcon_core.verb:set package 'sbus' build argument 'cmake_clean_first' from command line to 'False'
[0.553s] Level 5:colcon.colcon_core.verb:set package 'sbus' build argument 'cmake_force_configure' from command line to 'False'
[0.553s] Level 5:colcon.colcon_core.verb:set package 'sbus' build argument 'ament_cmake_args' from command line to 'None'
[0.553s] Level 5:colcon.colcon_core.verb:set package 'sbus' build argument 'catkin_cmake_args' from command line to 'None'
[0.553s] Level 5:colcon.colcon_core.verb:set package 'sbus' build argument 'catkin_skip_building_tests' from command line to 'False'
[0.553s] DEBUG:colcon.colcon_core.verb:Building package 'sbus' with the following arguments: {'ament_cmake_args': None, 'build_base': '/home/omer/Desktop/deneme_ws/build/sbus', 'catkin_cmake_args': None, 'catkin_skip_building_tests': False, 'cmake_args': None, 'cmake_clean_cache': False, 'cmake_clean_first': False, 'cmake_force_configure': False, 'cmake_target': None, 'cmake_target_skip_unavailable': False, 'install_base': '/home/omer/Desktop/deneme_ws/install/sbus', 'merge_install': False, 'path': '/home/omer/Desktop/deneme_ws/src/sbus', 'symlink_install': False, 'test_result_base': None}
[0.554s] INFO:colcon.colcon_core.executor:Executing jobs using 'parallel' executor
[0.562s] DEBUG:colcon.colcon_parallel_executor.executor.parallel:run_until_complete
[0.562s] INFO:colcon.colcon_ros.task.ament_cmake.build:Building ROS package in '/home/omer/Desktop/deneme_ws/src/sbus' with build type 'ament_cmake'
[0.563s] INFO:colcon.colcon_cmake.task.cmake.build:Building CMake package in '/home/omer/Desktop/deneme_ws/src/sbus'
[0.573s] INFO:colcon.colcon_core.plugin_system:Skipping extension 'colcon_core.shell.bat': Not used on non-Windows systems
[0.574s] INFO:colcon.colcon_core.shell:Skip shell extension 'powershell' for command environment: Not usable outside of PowerShell
[0.574s] DEBUG:colcon.colcon_core.shell:Skip shell extension 'dsv' for command environment
[0.587s] DEBUG:colcon.colcon_core.event_handler.log_command:Invoking command in '/home/omer/Desktop/deneme_ws/build/sbus': CMAKE_PREFIX_PATH=${CMAKE_PREFIX_PATH}:/opt/ros/humble /usr/bin/cmake --build /home/omer/Desktop/deneme_ws/build/sbus -- -j8 -l8
[13.073s] DEBUG:colcon.colcon_core.event_handler.log_command:Invoked command in '/home/omer/Desktop/deneme_ws/build/sbus' returned '0': CMAKE_PREFIX_PATH=${CMAKE_PREFIX_PATH}:/opt/ros/humble /usr/bin/cmake --build /home/omer/Desktop/deneme_ws/build/sbus -- -j8 -l8
[13.102s] DEBUG:colcon.colcon_core.event_handler.log_command:Invoking command in '/home/omer/Desktop/deneme_ws/build/sbus': CMAKE_PREFIX_PATH=${CMAKE_PREFIX_PATH}:/opt/ros/humble /usr/bin/cmake --install /home/omer/Desktop/deneme_ws/build/sbus
[13.116s] Level 1:colcon.colcon_core.environment:create_environment_scripts_only(sbus)
[13.118s] DEBUG:colcon.colcon_core.event_handler.log_command:Invoked command in '/home/omer/Desktop/deneme_ws/build/sbus' returned '0': CMAKE_PREFIX_PATH=${CMAKE_PREFIX_PATH}:/opt/ros/humble /usr/bin/cmake --install /home/omer/Desktop/deneme_ws/build/sbus
[13.123s] Level 1:colcon.colcon_core.environment:checking '/home/omer/Desktop/deneme_ws/install/sbus' for CMake module files
[13.123s] Level 1:colcon.colcon_core.environment:checking '/home/omer/Desktop/deneme_ws/install/sbus' for CMake config files
[13.123s] Level 1:colcon.colcon_core.shell:create_environment_hook('sbus', 'cmake_prefix_path')
[13.125s] INFO:colcon.colcon_core.shell:Creating environment hook '/home/omer/Desktop/deneme_ws/install/sbus/share/sbus/hook/cmake_prefix_path.ps1'
[13.125s] INFO:colcon.colcon_core.shell:Creating environment descriptor '/home/omer/Desktop/deneme_ws/install/sbus/share/sbus/hook/cmake_prefix_path.dsv'
[13.126s] INFO:colcon.colcon_core.shell:Creating environment hook '/home/omer/Desktop/deneme_ws/install/sbus/share/sbus/hook/cmake_prefix_path.sh'
[13.127s] Level 1:colcon.colcon_core.environment:checking '/home/omer/Desktop/deneme_ws/install/sbus/lib'
[13.127s] Level 1:colcon.colcon_core.environment:checking '/home/omer/Desktop/deneme_ws/install/sbus/bin'
[13.127s] Level 1:colcon.colcon_core.environment:checking '/home/omer/Desktop/deneme_ws/install/sbus/lib/pkgconfig/sbus.pc'
[13.127s] Level 1:colcon.colcon_core.environment:checking '/home/omer/Desktop/deneme_ws/install/sbus/lib/python3.10/site-packages'
[13.128s] Level 1:colcon.colcon_core.environment:checking '/home/omer/Desktop/deneme_ws/install/sbus/bin'
[13.129s] INFO:colcon.colcon_core.shell:Creating package script '/home/omer/Desktop/deneme_ws/install/sbus/share/sbus/package.ps1'
[13.130s] INFO:colcon.colcon_core.shell:Creating package descriptor '/home/omer/Desktop/deneme_ws/install/sbus/share/sbus/package.dsv'
[13.131s] INFO:colcon.colcon_core.shell:Creating package script '/home/omer/Desktop/deneme_ws/install/sbus/share/sbus/package.sh'
[13.131s] INFO:colcon.colcon_core.shell:Creating package script '/home/omer/Desktop/deneme_ws/install/sbus/share/sbus/package.bash'
[13.132s] INFO:colcon.colcon_core.shell:Creating package script '/home/omer/Desktop/deneme_ws/install/sbus/share/sbus/package.zsh'
[13.133s] Level 1:colcon.colcon_core.environment:create_file_with_runtime_dependencies(/home/omer/Desktop/deneme_ws/install/sbus/share/colcon-core/packages/sbus)
[13.157s] Level 1:colcon.colcon_core.environment:create_environment_scripts_only(sbus)
[13.159s] Level 1:colcon.colcon_core.environment:checking '/home/omer/Desktop/deneme_ws/install/sbus' for CMake module files
[13.159s] Level 1:colcon.colcon_core.environment:checking '/home/omer/Desktop/deneme_ws/install/sbus' for CMake config files
[13.159s] Level 1:colcon.colcon_core.shell:create_environment_hook('sbus', 'cmake_prefix_path')
[13.161s] INFO:colcon.colcon_core.shell:Creating environment hook '/home/omer/Desktop/deneme_ws/install/sbus/share/sbus/hook/cmake_prefix_path.ps1'
[13.161s] INFO:colcon.colcon_core.shell:Creating environment descriptor '/home/omer/Desktop/deneme_ws/install/sbus/share/sbus/hook/cmake_prefix_path.dsv'
[13.162s] INFO:colcon.colcon_core.shell:Creating environment hook '/home/omer/Desktop/deneme_ws/install/sbus/share/sbus/hook/cmake_prefix_path.sh'
[13.162s] Level 1:colcon.colcon_core.environment:checking '/home/omer/Desktop/deneme_ws/install/sbus/lib'
[13.162s] Level 1:colcon.colcon_core.environment:checking '/home/omer/Desktop/deneme_ws/install/sbus/bin'
[13.163s] Level 1:colcon.colcon_core.environment:checking '/home/omer/Desktop/deneme_ws/install/sbus/lib/pkgconfig/sbus.pc'
[13.163s] Level 1:colcon.colcon_core.environment:checking '/home/omer/Desktop/deneme_ws/install/sbus/lib/python3.10/site-packages'
[13.163s] Level 1:colcon.colcon_core.environment:checking '/home/omer/Desktop/deneme_ws/install/sbus/bin'
[13.165s] INFO:colcon.colcon_core.shell:Creating package script '/home/omer/Desktop/deneme_ws/install/sbus/share/sbus/package.ps1'
[13.165s] INFO:colcon.colcon_core.shell:Creating package descriptor '/home/omer/Desktop/deneme_ws/install/sbus/share/sbus/package.dsv'
[13.166s] INFO:colcon.colcon_core.shell:Creating package script '/home/omer/Desktop/deneme_ws/install/sbus/share/sbus/package.sh'
[13.166s] INFO:colcon.colcon_core.shell:Creating package script '/home/omer/Desktop/deneme_ws/install/sbus/share/sbus/package.bash'
[13.167s] INFO:colcon.colcon_core.shell:Creating package script '/home/omer/Desktop/deneme_ws/install/sbus/share/sbus/package.zsh'
[13.167s] Level 1:colcon.colcon_core.environment:create_file_with_runtime_dependencies(/home/omer/Desktop/deneme_ws/install/sbus/share/colcon-core/packages/sbus)
[13.167s] DEBUG:colcon.colcon_parallel_executor.executor.parallel:closing loop
[13.168s] DEBUG:colcon.colcon_parallel_executor.executor.parallel:loop closed
[13.168s] DEBUG:colcon.colcon_parallel_executor.executor.parallel:run_until_complete finished with '0'
[13.168s] DEBUG:colcon.colcon_core.event_reactor:joining thread
[13.178s] INFO:colcon.colcon_core.plugin_system:Skipping extension 'colcon_notification.desktop_notification.terminal_notifier': Not used on non-Darwin systems
[13.178s] INFO:colcon.colcon_core.plugin_system:Skipping extension 'colcon_notification.desktop_notification.win32': Not used on non-Windows systems
[13.178s] INFO:colcon.colcon_notification.desktop_notification:Sending desktop notification using 'notify2'
[13.200s] DEBUG:colcon.colcon_core.event_reactor:joined thread
[13.202s] INFO:colcon.colcon_core.shell:Creating prefix script '/home/omer/Desktop/deneme_ws/install/local_setup.ps1'
[13.203s] INFO:colcon.colcon_core.shell:Creating prefix util module '/home/omer/Desktop/deneme_ws/install/_local_setup_util_ps1.py'
[13.205s] INFO:colcon.colcon_core.shell:Creating prefix chain script '/home/omer/Desktop/deneme_ws/install/setup.ps1'
[13.207s] INFO:colcon.colcon_core.shell:Creating prefix script '/home/omer/Desktop/deneme_ws/install/local_setup.sh'
[13.208s] INFO:colcon.colcon_core.shell:Creating prefix util module '/home/omer/Desktop/deneme_ws/install/_local_setup_util_sh.py'
[13.208s] INFO:colcon.colcon_core.shell:Creating prefix chain script '/home/omer/Desktop/deneme_ws/install/setup.sh'
[13.212s] INFO:colcon.colcon_core.shell:Creating prefix script '/home/omer/Desktop/deneme_ws/install/local_setup.bash'
[13.213s] INFO:colcon.colcon_core.shell:Creating prefix chain script '/home/omer/Desktop/deneme_ws/install/setup.bash'
[13.215s] INFO:colcon.colcon_core.shell:Creating prefix script '/home/omer/Desktop/deneme_ws/install/local_setup.zsh'
[13.215s] INFO:colcon.colcon_core.shell:Creating prefix chain script '/home/omer/Desktop/deneme_ws/install/setup.zsh'
