[0.142s] Invoking command in '/home/omer/Desktop/deneme_ws/build/sbus': CMAKE_PREFIX_PATH=/opt/ros/humble /usr/bin/cmake /home/omer/Desktop/deneme_ws/src/sbus -DCMAKE_INSTALL_PREFIX=/home/omer/Desktop/deneme_ws/install/sbus
[2.644s] -- The C compiler identification is GNU 11.2.0
[3.798s] -- The CXX compiler identification is GNU 11.2.0
[3.944s] -- Detecting C compiler ABI info
[4.444s] -- Detecting C compiler ABI info - done
[4.454s] -- Check for working C compiler: /usr/bin/cc - skipped
[4.455s] -- Detecting C compile features
[4.496s] -- Detecting C compile features - done
[4.509s] -- Detecting CXX compiler ABI info
[4.794s] -- Detecting CXX compiler ABI info - done
[4.801s] -- Check for working CXX compiler: /usr/bin/c++ - skipped
[4.801s] -- Detecting CXX compile features
[4.801s] -- Detecting CXX compile features - done
[5.322s] -- Found ament_cmake: 1.3.2 (/opt/ros/humble/share/ament_cmake/cmake)
[5.713s] -- Found Python3: /usr/bin/python3.10 (found version "3.10.4") found components: Interpreter 
[6.347s] -- Found ament_lint_auto: 0.12.4 (/opt/ros/humble/share/ament_lint_auto/cmake)
[6.728s] -- Added test 'lint_cmake' to check CMake code style
[6.732s] -- Added test 'xmllint' to check XML markup files
[6.751s] -- Configuring done
[6.763s] -- Generating done
[6.765s] -- Build files have been written to: /home/omer/Desktop/deneme_ws/build/sbus
[6.773s] Invoked command in '/home/omer/Desktop/deneme_ws/build/sbus' returned '0': CMAKE_PREFIX_PATH=/opt/ros/humble /usr/bin/cmake /home/omer/Desktop/deneme_ws/src/sbus -DCMAKE_INSTALL_PREFIX=/home/omer/Desktop/deneme_ws/install/sbus
[6.776s] Invoking command in '/home/omer/Desktop/deneme_ws/build/sbus': CMAKE_PREFIX_PATH=/opt/ros/humble /usr/bin/cmake --build /home/omer/Desktop/deneme_ws/build/sbus -- -j8 -l8
[6.813s] Invoked command in '/home/omer/Desktop/deneme_ws/build/sbus' returned '0': CMAKE_PREFIX_PATH=/opt/ros/humble /usr/bin/cmake --build /home/omer/Desktop/deneme_ws/build/sbus -- -j8 -l8
[6.842s] Invoking command in '/home/omer/Desktop/deneme_ws/build/sbus': CMAKE_PREFIX_PATH=/opt/ros/humble /usr/bin/cmake --install /home/omer/Desktop/deneme_ws/build/sbus
[6.848s] -- Install configuration: ""
[6.848s] -- Installing: /home/omer/Desktop/deneme_ws/install/sbus/share/ament_index/resource_index/package_run_dependencies/sbus
[6.848s] -- Installing: /home/omer/Desktop/deneme_ws/install/sbus/share/ament_index/resource_index/parent_prefix_path/sbus
[6.849s] -- Installing: /home/omer/Desktop/deneme_ws/install/sbus/share/sbus/environment/ament_prefix_path.sh
[6.849s] -- Installing: /home/omer/Desktop/deneme_ws/install/sbus/share/sbus/environment/ament_prefix_path.dsv
[6.849s] -- Installing: /home/omer/Desktop/deneme_ws/install/sbus/share/sbus/environment/path.sh
[6.849s] -- Installing: /home/omer/Desktop/deneme_ws/install/sbus/share/sbus/environment/path.dsv
[6.849s] -- Installing: /home/omer/Desktop/deneme_ws/install/sbus/share/sbus/local_setup.bash
[6.850s] -- Installing: /home/omer/Desktop/deneme_ws/install/sbus/share/sbus/local_setup.sh
[6.850s] -- Installing: /home/omer/Desktop/deneme_ws/install/sbus/share/sbus/local_setup.zsh
[6.850s] -- Installing: /home/omer/Desktop/deneme_ws/install/sbus/share/sbus/local_setup.dsv
[6.850s] -- Installing: /home/omer/Desktop/deneme_ws/install/sbus/share/sbus/package.dsv
[6.850s] -- Installing: /home/omer/Desktop/deneme_ws/install/sbus/share/ament_index/resource_index/packages/sbus
[6.850s] -- Installing: /home/omer/Desktop/deneme_ws/install/sbus/share/sbus/cmake/sbusConfig.cmake
[6.850s] -- Installing: /home/omer/Desktop/deneme_ws/install/sbus/share/sbus/cmake/sbusConfig-version.cmake
[6.850s] -- Installing: /home/omer/Desktop/deneme_ws/install/sbus/share/sbus/package.xml
[6.853s] Invoked command in '/home/omer/Desktop/deneme_ws/build/sbus' returned '0': CMAKE_PREFIX_PATH=/opt/ros/humble /usr/bin/cmake --install /home/omer/Desktop/deneme_ws/build/sbus
