[35m[1mConsolidate compiler generated dependencies of target sbus_node[0m
[ 50%] [32mBuilding CXX object CMakeFiles/sbus_node.dir/src/sbus.cpp.o[0m
In file included from [01m[K/opt/ros/humble/include/rclcpp/rclcpp/logging.hpp:24[m[K,
                 from [01m[K/opt/ros/humble/include/rclcpp/rclcpp/client.hpp:40[m[K,
                 from [01m[K/opt/ros/humble/include/rclcpp/rclcpp/callback_group.hpp:23[m[K,
                 from [01m[K/opt/ros/humble/include/rclcpp/rclcpp/any_executable.hpp:20[m[K,
                 from [01m[K/opt/ros/humble/include/rclcpp/rclcpp/memory_strategy.hpp:25[m[K,
                 from [01m[K/opt/ros/humble/include/rclcpp/rclcpp/memory_strategies.hpp:18[m[K,
                 from [01m[K/opt/ros/humble/include/rclcpp/rclcpp/executor_options.hpp:20[m[K,
                 from [01m[K/opt/ros/humble/include/rclcpp/rclcpp/executor.hpp:37[m[K,
                 from [01m[K/opt/ros/humble/include/rclcpp/rclcpp/executors/multi_threaded_executor.hpp:25[m[K,
                 from [01m[K/opt/ros/humble/include/rclcpp/rclcpp/executors.hpp:21[m[K,
                 from [01m[K/opt/ros/humble/include/rclcpp/rclcpp/rclcpp.hpp:155[m[K,
                 from [01m[K/home/omer/Desktop/deneme_ws/src/sbus/src/sbus.cpp:1[m[K:
[01m[K/home/omer/Desktop/deneme_ws/src/sbus/src/sbus.cpp:[m[K In member function ‘[01m[Kvoid sbus_node::callBack(sensor_msgs::msg::Joy_<std::allocator<void> >::SharedPtr)[m[K’:
[01m[K/home/omer/Desktop/deneme_ws/src/sbus/src/sbus.cpp:225:44:[m[K [01;35m[Kwarning: [m[Kformat ‘[01m[K%f[m[K’ expects argument of type ‘[01m[Kdouble[m[K’, but argument 6 has type ‘[01m[Kuint64_t[m[K’ {aka ‘[01m[Klong unsigned int[m[K’} [[01;35m[K]8;;https://gcc.gnu.org/onlinedocs/gcc/Warning-Options.html#index-Wformat=-Wformat=]8;;[m[K]
  225 |             RCLCPP_INFO(this->get_logger(),[01;35m[K" sbus_.channels[%d] = %f"[m[K, i, [32m[Ksbus.channels[i][m[K);
      |                                            [01;35m[K^~~~~~~~~~~~~~~~~~~~~~~~~~[m[K     [32m[K~~~~~~~~~~~~~~~~[m[K
      |                                                                                          [32m[K|[m[K
      |                                                                                          [32m[Kuint64_t {aka long unsigned int}[m[K
[01m[K/home/omer/Desktop/deneme_ws/src/sbus/src/sbus.cpp:225:68:[m[K [01;36m[Knote: [m[Kformat string is defined here
  225 |             RCLCPP_INFO(this->get_logger()," sbus_.channels[%d] = [01;36m[K%f[m[K", i, sbus.channels[i]);
      |                                                                   [01;36m[K~^[m[K
      |                                                                    [01;36m[K|[m[K
      |                                                                    [01;36m[Kdouble[m[K
      |                                                                   [32m[K%ld[m[K
[100%] [32m[1mLinking CXX executable sbus_node[0m
[100%] Built target sbus_node
-- Install configuration: ""
-- Installing: /home/omer/Desktop/deneme_ws/install/sbus/lib/sbus/sbus_node
-- Set runtime path of "/home/omer/Desktop/deneme_ws/install/sbus/lib/sbus/sbus_node" to ""
-- Up-to-date: /home/omer/Desktop/deneme_ws/install/sbus/share/ament_index/resource_index/package_run_dependencies/sbus
-- Up-to-date: /home/omer/Desktop/deneme_ws/install/sbus/share/ament_index/resource_index/parent_prefix_path/sbus
-- Up-to-date: /home/omer/Desktop/deneme_ws/install/sbus/share/sbus/environment/ament_prefix_path.sh
-- Up-to-date: /home/omer/Desktop/deneme_ws/install/sbus/share/sbus/environment/ament_prefix_path.dsv
-- Up-to-date: /home/omer/Desktop/deneme_ws/install/sbus/share/sbus/environment/path.sh
-- Up-to-date: /home/omer/Desktop/deneme_ws/install/sbus/share/sbus/environment/path.dsv
-- Up-to-date: /home/omer/Desktop/deneme_ws/install/sbus/share/sbus/local_setup.bash
-- Up-to-date: /home/omer/Desktop/deneme_ws/install/sbus/share/sbus/local_setup.sh
-- Up-to-date: /home/omer/Desktop/deneme_ws/install/sbus/share/sbus/local_setup.zsh
-- Up-to-date: /home/omer/Desktop/deneme_ws/install/sbus/share/sbus/local_setup.dsv
-- Installing: /home/omer/Desktop/deneme_ws/install/sbus/share/sbus/package.dsv
-- Up-to-date: /home/omer/Desktop/deneme_ws/install/sbus/share/ament_index/resource_index/packages/sbus
-- Up-to-date: /home/omer/Desktop/deneme_ws/install/sbus/share/sbus/cmake/sbusConfig.cmake
-- Up-to-date: /home/omer/Desktop/deneme_ws/install/sbus/share/sbus/cmake/sbusConfig-version.cmake
-- Up-to-date: /home/omer/Desktop/deneme_ws/install/sbus/share/sbus/package.xml
