[35m[1mConsolidate compiler generated dependencies of target sbus_node[0m
[ 50%] [32mBuilding CXX object CMakeFiles/sbus_node.dir/src/sbus.cpp.o[0m
[01m[K/home/omer/Desktop/deneme_ws/src/sbus/src/sbus.cpp:[m[K In member function ‘[01m[Kvoid sbus_node::callBack(sensor_msgs::msg::Joy_<std::allocator<void> >::SharedPtr)[m[K’:
[01m[K/home/omer/Desktop/deneme_ws/src/sbus/src/sbus.cpp:218:41:[m[K [01;35m[Kwarning: [m[Kunsigned conversion from ‘[01m[Kint[m[K’ to ‘[01m[Kstd::array<unsigned char, 16>::value_type[m[K’ {aka ‘[01m[Kunsigned char[m[K’} changes value from ‘[01m[K1000[m[K’ to ‘[01m[K232[m[K’ [[01;35m[K]8;;https://gcc.gnu.org/onlinedocs/gcc/Warning-Options.html#index-Woverflow-Woverflow]8;;[m[K]
  218 |                 sbus.channels[j] = [01;35m[K1000 + ((1000)/(2)) * (-1+1)[m[K;
      |                                    [01;35m[K~~~~~^~~~~~~~~~~~~~~~~~~~~~~[m[K
[100%] [32m[1mLinking CXX executable sbus_node[0m
[100%] Built target sbus_node
-- Install configuration: ""
-- Installing: /home/omer/Desktop/deneme_ws/install/sbus/lib/sbus/sbus_node
-- Set runtime path of "/home/omer/Desktop/deneme_ws/install/sbus/lib/sbus/sbus_node" to ""
-- Up-to-date: /home/omer/Desktop/deneme_ws/install/sbus/share/ament_index/resource_index/package_run_dependencies/sbus
-- Up-to-date: /home/omer/Desktop/deneme_ws/install/sbus/share/ament_index/resource_index/parent_prefix_path/sbus
-- Up-to-date: /home/omer/Desktop/deneme_ws/install/sbus/share/sbus/environment/ament_prefix_path.sh
-- Up-to-date: /home/omer/Desktop/deneme_ws/install/sbus/share/sbus/environment/ament_prefix_path.dsv
-- Up-to-date: /home/omer/Desktop/deneme_ws/install/sbus/share/sbus/environment/path.sh
-- Up-to-date: /home/omer/Desktop/deneme_ws/install/sbus/share/sbus/environment/path.dsv
-- Up-to-date: /home/omer/Desktop/deneme_ws/install/sbus/share/sbus/local_setup.bash
-- Up-to-date: /home/omer/Desktop/deneme_ws/install/sbus/share/sbus/local_setup.sh
-- Up-to-date: /home/omer/Desktop/deneme_ws/install/sbus/share/sbus/local_setup.zsh
-- Up-to-date: /home/omer/Desktop/deneme_ws/install/sbus/share/sbus/local_setup.dsv
-- Installing: /home/omer/Desktop/deneme_ws/install/sbus/share/sbus/package.dsv
-- Up-to-date: /home/omer/Desktop/deneme_ws/install/sbus/share/ament_index/resource_index/packages/sbus
-- Up-to-date: /home/omer/Desktop/deneme_ws/install/sbus/share/sbus/cmake/sbusConfig.cmake
-- Up-to-date: /home/omer/Desktop/deneme_ws/install/sbus/share/sbus/cmake/sbusConfig-version.cmake
-- Up-to-date: /home/omer/Desktop/deneme_ws/install/sbus/share/sbus/package.xml
