-- The C compiler identification is GNU 11.2.0
-- The CXX compiler identification is GNU 11.2.0
-- Detecting C compiler ABI info
-- Detecting C compiler ABI info - done
-- Check for working C compiler: /usr/bin/cc - skipped
-- Detecting C compile features
-- Detecting C compile features - done
-- Detecting CXX compiler ABI info
-- Detecting CXX compiler ABI info - done
-- Check for working CXX compiler: /usr/bin/c++ - skipped
-- Detecting CXX compile features
-- Detecting CXX compile features - done
-- Found ament_cmake: 1.3.2 (/opt/ros/humble/share/ament_cmake/cmake)
-- Found Python3: /usr/bin/python3.10 (found version "3.10.4") found components: Interpreter 
-- Found rclcpp: 16.0.1 (/opt/ros/humble/share/rclcpp/cmake)
-- Found rosidl_generator_c: 3.1.3 (/opt/ros/humble/share/rosidl_generator_c/cmake)
-- Found rosidl_adapter: 3.1.3 (/opt/ros/humble/share/rosidl_adapter/cmake)
-- Found rosidl_generator_cpp: 3.1.3 (/opt/ros/humble/share/rosidl_generator_cpp/cmake)
-- Using all available rosidl_typesupport_c: rosidl_typesupport_fastrtps_c;rosidl_typesupport_introspection_c
-- Using all available rosidl_typesupport_cpp: rosidl_typesupport_fastrtps_cpp;rosidl_typesupport_introspection_cpp
-- Found rmw_implementation_cmake: 6.1.0 (/opt/ros/humble/share/rmw_implementation_cmake/cmake)
-- Found rmw_fastrtps_cpp: 6.2.1 (/opt/ros/humble/share/rmw_fastrtps_cpp/cmake)
-- Found OpenSSL: /usr/lib/x86_64-linux-gnu/libcrypto.so (found version "3.0.2")  
-- Found FastRTPS: /opt/ros/humble/include  
-- Using RMW implementation 'rmw_fastrtps_cpp' as default
-- Found sensor_msgs: 4.2.2 (/opt/ros/humble/share/sensor_msgs/cmake)
-- Configuring done
-- Generating done
-- Build files have been written to: /home/omer/Desktop/deneme_ws/build/sbus
[ 50%] [32mBuilding CXX object CMakeFiles/sbus_node.dir/src/sbus.cpp.o[0m
[100%] [32m[1mLinking CXX executable sbus_node[0m
[100%] Built target sbus_node
-- Install configuration: ""
-- Installing: /home/omer/Desktop/deneme_ws/install/sbus/lib/sbus/sbus_node
-- Set runtime path of "/home/omer/Desktop/deneme_ws/install/sbus/lib/sbus/sbus_node" to ""
-- Installing: /home/omer/Desktop/deneme_ws/install/sbus/share/ament_index/resource_index/package_run_dependencies/sbus
-- Installing: /home/omer/Desktop/deneme_ws/install/sbus/share/ament_index/resource_index/parent_prefix_path/sbus
-- Installing: /home/omer/Desktop/deneme_ws/install/sbus/share/sbus/environment/ament_prefix_path.sh
-- Installing: /home/omer/Desktop/deneme_ws/install/sbus/share/sbus/environment/ament_prefix_path.dsv
-- Installing: /home/omer/Desktop/deneme_ws/install/sbus/share/sbus/environment/path.sh
-- Installing: /home/omer/Desktop/deneme_ws/install/sbus/share/sbus/environment/path.dsv
-- Installing: /home/omer/Desktop/deneme_ws/install/sbus/share/sbus/local_setup.bash
-- Installing: /home/omer/Desktop/deneme_ws/install/sbus/share/sbus/local_setup.sh
-- Installing: /home/omer/Desktop/deneme_ws/install/sbus/share/sbus/local_setup.zsh
-- Installing: /home/omer/Desktop/deneme_ws/install/sbus/share/sbus/local_setup.dsv
-- Installing: /home/omer/Desktop/deneme_ws/install/sbus/share/sbus/package.dsv
-- Installing: /home/omer/Desktop/deneme_ws/install/sbus/share/ament_index/resource_index/packages/sbus
-- Installing: /home/omer/Desktop/deneme_ws/install/sbus/share/sbus/cmake/sbusConfig.cmake
-- Installing: /home/omer/Desktop/deneme_ws/install/sbus/share/sbus/cmake/sbusConfig-version.cmake
-- Installing: /home/omer/Desktop/deneme_ws/install/sbus/share/sbus/package.xml
