[0.013s] Invoking command in '/home/omer/Desktop/deneme_ws/build/sbus': CMAKE_PREFIX_PATH=${CMAKE_PREFIX_PATH}:/opt/ros/humble /usr/bin/cmake /home/omer/Desktop/deneme_ws/src/sbus -DCMAKE_INSTALL_PREFIX=/home/omer/Desktop/deneme_ws/install/sbus
[1.175s] -- The C compiler identification is GNU 11.2.0
[1.880s] -- The CXX compiler identification is GNU 11.2.0
[1.973s] -- Detecting C compiler ABI info
[2.189s] -- Detecting C compiler ABI info - done
[2.197s] -- Check for working C compiler: /usr/bin/cc - skipped
[2.197s] -- Detecting C compile features
[2.213s] -- Detecting C compile features - done
[2.225s] -- Detecting CXX compiler ABI info
[2.353s] -- Detecting CXX compiler ABI info - done
[2.360s] -- Check for working CXX compiler: /usr/bin/c++ - skipped
[2.360s] -- Detecting CXX compile features
[2.360s] -- Detecting CXX compile features - done
[2.586s] -- Found ament_cmake: 1.3.2 (/opt/ros/humble/share/ament_cmake/cmake)
[2.917s] -- Found Python3: /usr/bin/python3.10 (found version "3.10.4") found components: Interpreter 
[3.305s] -- Found rclcpp: 16.0.1 (/opt/ros/humble/share/rclcpp/cmake)
[3.666s] -- Found rosidl_generator_c: 3.1.3 (/opt/ros/humble/share/rosidl_generator_c/cmake)
[3.680s] -- Found rosidl_adapter: 3.1.3 (/opt/ros/humble/share/rosidl_adapter/cmake)
[3.788s] -- Found rosidl_generator_cpp: 3.1.3 (/opt/ros/humble/share/rosidl_generator_cpp/cmake)
[3.878s] -- Using all available rosidl_typesupport_c: rosidl_typesupport_fastrtps_c;rosidl_typesupport_introspection_c
[3.937s] -- Using all available rosidl_typesupport_cpp: rosidl_typesupport_fastrtps_cpp;rosidl_typesupport_introspection_cpp
[4.070s] -- Found rmw_implementation_cmake: 6.1.0 (/opt/ros/humble/share/rmw_implementation_cmake/cmake)
[4.086s] -- Found rmw_fastrtps_cpp: 6.2.1 (/opt/ros/humble/share/rmw_fastrtps_cpp/cmake)
[4.441s] -- Found OpenSSL: /usr/lib/x86_64-linux-gnu/libcrypto.so (found version "3.0.2")  
[4.485s] -- Found FastRTPS: /opt/ros/humble/include  
[4.526s] -- Using RMW implementation 'rmw_fastrtps_cpp' as default
[4.756s] -- Found sensor_msgs: 4.2.2 (/opt/ros/humble/share/sensor_msgs/cmake)
[4.975s] -- Configuring done
[5.009s] -- Generating done
[5.010s] -- Build files have been written to: /home/omer/Desktop/deneme_ws/build/sbus
[5.018s] Invoked command in '/home/omer/Desktop/deneme_ws/build/sbus' returned '0': CMAKE_PREFIX_PATH=${CMAKE_PREFIX_PATH}:/opt/ros/humble /usr/bin/cmake /home/omer/Desktop/deneme_ws/src/sbus -DCMAKE_INSTALL_PREFIX=/home/omer/Desktop/deneme_ws/install/sbus
[5.020s] Invoking command in '/home/omer/Desktop/deneme_ws/build/sbus': CMAKE_PREFIX_PATH=${CMAKE_PREFIX_PATH}:/opt/ros/humble /usr/bin/cmake --build /home/omer/Desktop/deneme_ws/build/sbus -- -j8 -l8
[5.055s] [ 50%] [32mBuilding CXX object CMakeFiles/sbus_node.dir/src/sbus.cpp.o[0m
[13.896s] [100%] [32m[1mLinking CXX executable sbus_node[0m
[14.321s] [100%] Built target sbus_node
[14.330s] Invoked command in '/home/omer/Desktop/deneme_ws/build/sbus' returned '0': CMAKE_PREFIX_PATH=${CMAKE_PREFIX_PATH}:/opt/ros/humble /usr/bin/cmake --build /home/omer/Desktop/deneme_ws/build/sbus -- -j8 -l8
[14.355s] Invoking command in '/home/omer/Desktop/deneme_ws/build/sbus': CMAKE_PREFIX_PATH=${CMAKE_PREFIX_PATH}:/opt/ros/humble /usr/bin/cmake --install /home/omer/Desktop/deneme_ws/build/sbus
[14.361s] -- Install configuration: ""
[14.361s] -- Installing: /home/omer/Desktop/deneme_ws/install/sbus/lib/sbus/sbus_node
[14.364s] -- Set runtime path of "/home/omer/Desktop/deneme_ws/install/sbus/lib/sbus/sbus_node" to ""
[14.364s] -- Installing: /home/omer/Desktop/deneme_ws/install/sbus/share/ament_index/resource_index/package_run_dependencies/sbus
[14.365s] -- Installing: /home/omer/Desktop/deneme_ws/install/sbus/share/ament_index/resource_index/parent_prefix_path/sbus
[14.365s] -- Installing: /home/omer/Desktop/deneme_ws/install/sbus/share/sbus/environment/ament_prefix_path.sh
[14.365s] -- Installing: /home/omer/Desktop/deneme_ws/install/sbus/share/sbus/environment/ament_prefix_path.dsv
[14.365s] -- Installing: /home/omer/Desktop/deneme_ws/install/sbus/share/sbus/environment/path.sh
[14.365s] -- Installing: /home/omer/Desktop/deneme_ws/install/sbus/share/sbus/environment/path.dsv
[14.366s] -- Installing: /home/omer/Desktop/deneme_ws/install/sbus/share/sbus/local_setup.bash
[14.366s] -- Installing: /home/omer/Desktop/deneme_ws/install/sbus/share/sbus/local_setup.sh
[14.366s] -- Installing: /home/omer/Desktop/deneme_ws/install/sbus/share/sbus/local_setup.zsh
[14.366s] -- Installing: /home/omer/Desktop/deneme_ws/install/sbus/share/sbus/local_setup.dsv
[14.366s] -- Installing: /home/omer/Desktop/deneme_ws/install/sbus/share/sbus/package.dsv
[14.366s] -- Installing: /home/omer/Desktop/deneme_ws/install/sbus/share/ament_index/resource_index/packages/sbus
[14.366s] -- Installing: /home/omer/Desktop/deneme_ws/install/sbus/share/sbus/cmake/sbusConfig.cmake
[14.367s] -- Installing: /home/omer/Desktop/deneme_ws/install/sbus/share/sbus/cmake/sbusConfig-version.cmake
[14.367s] -- Installing: /home/omer/Desktop/deneme_ws/install/sbus/share/sbus/package.xml
[14.369s] Invoked command in '/home/omer/Desktop/deneme_ws/build/sbus' returned '0': CMAKE_PREFIX_PATH=${CMAKE_PREFIX_PATH}:/opt/ros/humble /usr/bin/cmake --install /home/omer/Desktop/deneme_ws/build/sbus
